nohup: ignoring input
sending incremental file list
dwi_eddy_oriented.nii.gz

sent 9,575,091,437 bytes  received 35 bytes  104,645,808.44 bytes/sec
total size is 9,572,754,214  speedup is 1.00
sending incremental file list
bval_c

sent 903 bytes  received 35 bytes  625.33 bytes/sec
total size is 792  speedup is 0.84
sending incremental file list
bvec_c_col

sent 5,984 bytes  received 35 bytes  12,038.00 bytes/sec
total size is 5,869  speedup is 0.98
mrconvert: [WARNING] existing output files will be overwritten
mrconvert: uncompressing image "/space/nicc/3/users/cmaffei/EXC_connectom/EXC020/diff_preproc/temp_unghceduiq/data.nii.gz"... [==================================================]
mrconvert: copying from "/space/nic...temp_unghceduiq/data.nii.gz" to "/space/nic...roc/temp_unghceduiq/dwi.mif"... [==================================================]
mrinfo: [WARNING] existing output files will be overwritten
Full case list is:  ['/space/nicc/3/users/cmaffei/EXC_connectom/EXC020/diff_preproc', '/space/nicc/3/users/cmaffei/EXC_connectom/EXC021/diff_preproc', '/space/nicc/3/users/cmaffei/EXC_connectom/EXC030/diff_preproc', '/space/nicc/3/users/cmaffei/EXC_connectom/EXC034/diff_preproc']
============================================================
STARTING:  /space/nicc/3/users/cmaffei/EXC_connectom/EXC020/diff_preproc
============================================================
All final MRTrix volumes will be dropped in  /space/nicc/3/users/cmaffei/EXC_connectom/EXC020/diff_preproc/mark_mrtrix_bsb_outputs/
creating temporary scratch directory  /space/nicc/3/users/cmaffei/EXC_connectom/EXC020/diff_preproc/temp_unghceduiq/
cleaning out existing output directory...
header resolution is 0.546875 mm
Diffusion data contains 4 unique shell values...shell vals are: [0, 8000, 12000, 4000]
...single_shell mode is False
Resolution is out of bounds!! Regridding dwi to HCP1200 resolution of 1.25mm iso...mrgrid: [WARNING] existing output files will be overwritten
mrgrid: reslicing "/space/nicc/3/users/cmaffei/EXC_connectom/EXC020/diff_preproc/temp_unghceduiq/dwi.mif"... [==================================================]
done
extracting temporary b0...mrmath: [WARNING] existing output files will be overwritten
dwiextract: extracting volumes... [==================================================]
mrmath: preloading data for "/home/scratch/mrtrix-tmp-KV3tc8.mif"... [==================================================]
mrmath: computing mean along axis 3...... [==================================================]
mrconvert: [WARNING] existing output files will be overwritten
mrconvert: copying from "/space/nic...temp_unghceduiq/mean_b0.mif" to "/space/nic...p_unghceduiq/mean_b0.nii.gz"... []
mrconvert: compressing image "/space/nicc/3/users/cmaffei/EXC_connectom/EXC020/diff_preproc/temp_unghceduiq/mean_b0.nii.gz"... [==================================================]
done
extracting subcortical samseg labels...MRIcopyHeader(): source has ctab
Starting parallel 1
Writing output to /space/nicc/3/users/cmaffei/EXC_connectom/EXC020/diff_preproc/temp_unghceduiq/DC.nii
MRIcopyHeader(): source has ctab
Starting parallel 1
Writing output to /space/nicc/3/users/cmaffei/EXC_connectom/EXC020/diff_preproc/temp_unghceduiq/cort.nii
MRIcopyHeader(): source has ctab
Starting parallel 1
Writing output to /space/nicc/3/users/cmaffei/EXC_connectom/EXC020/diff_preproc/temp_unghceduiq/thal.nii
MRIcopyHeader(): source has ctab
Starting parallel 1
Writing output to /space/nicc/3/users/cmaffei/EXC_connectom/EXC020/diff_preproc/temp_unghceduiq/CB.nii
MRIcopyHeader(): source has ctab
Starting parallel 1
Writing output to /space/nicc/3/users/cmaffei/EXC_connectom/EXC020/diff_preproc/temp_unghceduiq/brainstem.nii
MRIcopyHeader(): source has ctab
Starting parallel 1
Writing output to /space/nicc/3/users/cmaffei/EXC_connectom/EXC020/diff_preproc/temp_unghceduiq/thal_brainstem_union.mgz
MRIcopyHeader(): source has ctab
Starting parallel 1
Writing output to /space/nicc/3/users/cmaffei/EXC_connectom/EXC020/diff_preproc/temp_unghceduiq/all_labels.nii
mrcentroid: uncompressing image "/space/nicc/3/users/cmaffei/EXC_connectom/EXC020/diff_preproc/temp_unghceduiq/thal_brainstem_union.mgz"... [==================================================]
done
creating tractography mask from thal and brainstem labels...done
extracting brain mask...dwi2mask: [WARNING] existing output files will be overwritten
dwi2mask: preloading data for "/space/nicc/3/users/cmaffei/EXC_connectom/EXC020/diff_preproc/temp_unghceduiq/dwi.mif"... [==================================================]
...done
dwi2mask: applying mask cleaning filter... done
done
obtaining response functions...done
fitting ODFs with msmt_CSD...mtnormalise: [WARNING] existing output files will be overwritten
mtnormalise: performing log-domain intensity normalisation... [==================================================]
mrconvert: [WARNING] existing output files will be overwritten
mrconvert: copying from "/space/nic...oc/temp_unghceduiq/thal.nii" to "/space/nic...oc/temp_unghceduiq/thal.mif"... []
mrconvert: [WARNING] existing output files will be overwritten
]
mrconvert: [WARNING] existing output files will be overwritten
]
mrconvert: [WARNING] existing output files will be overwritten
]
mrconvert: [WARNING] existing output files will be overwritten
]
done
performing intersection of dilated amyg and DC SAMSEG labels...maskfilter: [WARNING] existing output files will be overwritten
maskfilter: applying dilate filter to image DC.mif... [==================================]
maskfilter: [WARNING] existing output files will be overwritten
maskfilter: applying dilate filter to image cort.mif... [==================================]
maskfilter: [WARNING] existing output files will be overwritten
maskfilter: applying erode filter to image thal.mif... [==================================]
maskfilter: [WARNING] existing output files will be overwritten
maskfilter: applying erode filter to image CB.mif... [==================================]
mrcalc: [WARNING] existing output files will be overwritten
mrcalc: computing: (/space/nicc/3/users/cmaffei/EXC_connectom/EXC020/diff_preproc/temp_unghceduiq/DC.mif * /space/nicc/3/users/cmaffei/EXC_connectom/EXC020/diff_preproc/temp_unghceduiq/cort.mif)... []
tckgen: [WARNING] existing output files will be overwritten
tckgen: uncompressing image "/space/nicc/3/users/cmaffei/EXC_connectom/EXC020/diff_preproc/temp_unghceduiq/tractography_mask.nii.gz"... [==================================================]
tckgen: [  0%]        1 seeds,        1 streamlines,        0 selected
tckgen: [  0%]        2 seeds,        2 streamlines,        1 selected
tckgen: [  0%]        3 seeds,        3 streamlines,        1 selected
tckgen: [  0%]      841 seeds,      810 streamlines,       72 selected
tckgen: [  0%]     2501 seeds,     2427 streamlines,      220 selected
tckgen: [  0%]     5921 seeds,     5720 streamlines,      531 selected
tckgen: [  1%]    12101 seeds,    11695 streamlines,     1040 selected
tckgen: [  2%]    25061 seeds,    24185 streamlines,     2106 selected
tckgen: [  4%]    50101 seeds,    48337 streamlines,     4177 selected
tckgen: [  8%]   101181 seeds,    97673 streamlines,     8586 selected
tckgen: [ 17%]   202451 seeds,   195292 streamlines,    17294 selected
tckgen: [ 34%]   405531 seeds,   391052 streamlines,    34844 selected
tckgen: [ 69%]   811901 seeds,   783039 streamlines,    69829 selected
tckgen: [WARNING] existing output files will be overwritten
tckgen: uncompressing image "/space/nicc/3/users/cmaffei/EXC_connectom/EXC020/diff_preproc/temp_unghceduiq/tractography_mask.nii.gz"... [==================================================]
tckgen: [  0%]        1 seeds,        0 streamlines,        0 selected
tckgen: [  0%]      394 seeds,      330 streamlines,        1 selected
tckgen: [  0%]      395 seeds,      331 streamlines,        1 selected
tckgen: [  0%]     1271 seeds,     1066 streamlines,       12 selected
tckgen: [  0%]     3001 seeds,     2503 streamlines,       34 selected
tckgen: [  0%]     6621 seeds,     5527 streamlines,       92 selected
tckgen: [  0%]    13801 seeds,    11622 streamlines,      174 selected
tckgen: [  0%]    27901 seeds,    23575 streamlines,      372 selected
tckgen: [  0%]    56661 seeds,    47931 streamlines,      730 selected
tckgen: [  1%]   113261 seeds,    95875 streamlines,     1471 selected
tckgen: [WARNING] existing output files will be overwritten
tckgen: uncompressing image "/space/nicc/3/users/cmaffei/EXC_connectom/EXC020/diff_preproc/temp_unghceduiq/tractography_mask.nii.gz"... [==================================================]
tckgen: [  0%]        1 seeds,        1 streamlines,        0 selected
tckgen: [  0%]      271 seeds,      251 streamlines,        0 selected
tckgen: [  0%]      541 seeds,      505 streamlines,        0 selected
tckgen: [  0%]      821 seeds,      770 streamlines,        0 selected
tckgen: [  0%]     1091 seeds,     1025 streamlines,        0 selected
tckgen: [  0%]     1371 seeds,     1287 streamlines,        0 selected
tckgen: [  0%]     1641 seeds,     1534 streamlines,        0 selected
tckgen: [  0%]     1911 seeds,     1793 streamlines,        0 selected
tckgen: [  0%]     2181 seeds,     2042 streamlines,        0 selected
tckgen: [  0%]     2461 seeds,     2303 streamlines,        0 selected
tckgen: [  0%]     2741 seeds,     2561 streamlines,        0 selected
tckgen: [  0%]     3051 seeds,     2845 streamlines,        0 selected
tckgen: [  0%]     3341 seeds,     3120 streamlines,        0 selected
tckgen: [  0%]     3651 seeds,     3411 streamlines,        0 selected
tckgen: [  0%]     3951 seeds,     3696 streamlines,        0 selected
tckgen: [  0%]     4241 seeds,     3961 streamlines,        0 selected
tckgen: [  0%]     4511 seeds,     4210 streamlines,        0 selected
tckgen: [  0%]     4781 seeds,     4470 streamlines,        0 selected
tckgen: [  0%]     5071 seeds,     4739 streamlines,        0 selected
tckgen: [  0%]     5361 seeds,     5015 streamlines,        0 selected
tckgen: [  0%]     5631 seeds,     5270 streamlines,        0 selected
tckgen: [  0%]     5931 seeds,     5547 streamlines,        0 selected
tckgen: [  0%]     6191 seeds,     5790 streamlines,        0 selected
tckgen: [  0%]     6461 seeds,     6050 streamlines,        0 selected
tckgen: [  0%]     6731 seeds,     6302 streamlines,        0 selected
tckgen: [  0%]     6991 seeds,     6547 streamlines,        0 selected
tckgen: [  0%]     7291 seeds,     6829 streamlines,        0 selected
tckgen: [  0%]     7601 seeds,     7115 streamlines,        0 selected
tckgen: [  0%]     7871 seeds,     7370 streamlines,        0 selected
tckgen: [  0%]     8151 seeds,     7635 streamlines,        0 selected
tckgen: [  0%]     8441 seeds,     7912 streamlines,        0 selected
tckgen: [  0%]     8721 seeds,     8181 streamlines,        0 selected
tckgen: [  0%]     9031 seeds,     8472 streamlines,        0 selected
tckgen: [  0%]     9291 seeds,     8718 streamlines,        0 selected
tckgen: [  0%]     9561 seeds,     8980 streamlines,        0 selected
tckgen: [  0%]     9881 seeds,     9277 streamlines,        0 selected
tckgen: [  0%]    10141 seeds,     9521 streamlines,        0 selected
tckgen: [  0%]    10441 seeds,     9803 streamlines,        0 selected
tckgen: [  0%]    10751 seeds,    10089 streamlines,        0 selected
tckgen: [  0%]    11011 seeds,    10337 streamlines,        0 selected
tckgen: [  0%]    11301 seeds,    10607 streamlines,        0 selected
tckgen: [  0%]    11571 seeds,    10866 streamlines,        0 selected
tckgen: [  0%]    11891 seeds,    11164 streamlines,        0 selected
tckgen: [  0%]    12151 seeds,    11414 streamlines,        0 selected
tckgen: [  0%]    12471 seeds,    11713 streamlines,        0 selected
tckgen: [  0%]    12721 seeds,    11953 streamlines,        0 selected
tckgen: [  0%]    13011 seeds,    12228 streamlines,        0 selected
tckgen: [  0%]    13281 seeds,    12483 streamlines,        0 selected
tckgen: [  0%]    13581 seeds,    12767 streamlines,        0 selected
tckgen: [  0%]    13851 seeds,    13021 streamlines,        0 selected
tckgen: [  0%]    14151 seeds,    13297 streamlines,        0 selected
tckgen: [  0%]    14421 seeds,    13556 streamlines,        0 selected
tckgen: [  0%]    14741 seeds,    13855 streamlines,        0 selected
tckgen: [  0%]    15031 seeds,    14135 streamlines,        0 selected
tckgen: [  0%]    15301 seeds,    14380 streamlines,        0 selected
tckgen: [  0%]    15571 seeds,    14627 streamlines,        0 selected
tckgen: [  0%]    15871 seeds,    14910 streamlines,        0 selected
tckgen: [  0%]    16181 seeds,    15196 streamlines,        0 selected
tckgen: [  0%]    16451 seeds,    15449 streamlines,        0 selected
tckgen: [  0%]    16741 seeds,    15727 streamlines,        0 selected
tckgen: [  0%]    17031 seeds,    15998 streamlines,        0 selected
tckgen: [  0%]    17321 seeds,    16271 streamlines,        0 selected
tckgen: [  0%]    17631 seeds,    16560 streamlines,        0 selected
tckgen: [  0%]    17911 seeds,    16821 streamlines,        0 selected
tckgen: [  0%]    18191 seeds,    17086 streamlines,        0 selected
tckgen: [  0%]    18471 seeds,    17353 streamlines,        0 selected
tckgen: [  0%]    18761 seeds,    17626 streamlines,        0 selected
tckgen: [  0%]    19061 seeds,    17913 streamlines,        0 selected
tckgen: [  0%]    19361 seeds,    18188 streamlines,        0 selected
tckgen: [  0%]    19671 seeds,    18480 streamlines,        0 selected
tckgen: [  0%]    19961 seeds,    18752 streamlines,        0 selected
tckgen: [  0%]    20261 seeds,    19034 streamlines,        0 selected
tckgen: [  0%]    20571 seeds,    19321 streamlines,        0 selected
tckgen: [  0%]    20871 seeds,    19607 streamlines,        0 selected
tckgen: [  0%]    21141 seeds,    19863 streamlines,        0 selected
tckgen: [  0%]    21431 seeds,    20136 streamlines,        0 selected
tckgen: [  0%]    21711 seeds,    20398 streamlines,        0 selected
tckgen: [  0%]    22001 seeds,    20672 streamlines,        0 selected
tckgen: [  0%]    22291 seeds,    20945 streamlines,        0 selected
tckgen: [  0%]    22561 seeds,    21203 streamlines,        0 selected
tckgen: [  0%]    22831 seeds,    21456 streamlines,        0 selected
tckgen: [  0%]    23131 seeds,    21735 streamlines,        0 selected
tckgen: [  0%]    23411 seeds,    21990 streamlines,        0 selected
tckgen: [  0%]    23691 seeds,    22256 streamlines,        0 selected
tckgen: [  0%]    23961 seeds,    22508 streamlines,        0 selected
tckgen: [  0%]    24251 seeds,    22782 streamlines,        0 selected
tckgen: [  0%]    24541 seeds,    23051 streamlines,        0 selected
tckgen: [  0%]    24841 seeds,    23332 streamlines,        0 selected
tckgen: [  0%]    25121 seeds,    23594 streamlines,        0 selected
tckgen: [  0%]    25391 seeds,    23848 streamlines,        0 selected
tckgen: [  0%]    25661 seeds,    24102 streamlines,        0 selected
tckgen: [  0%]    25961 seeds,    24384 streamlines,        0 selected
tckgen: [  0%]    26271 seeds,    24679 streamlines,        0 selected
tckgen: [  0%]    26531 seeds,    24922 streamlines,        0 selected
tckgen: [  0%]    26801 seeds,    25176 streamlines,        0 selected
tckgen: [  0%]    27101 seeds,    25458 streamlines,        0 selected
tckgen: [  0%]    27381 seeds,    25719 streamlines,        0 selected
tckgen: [  0%]    27651 seeds,    25973 streamlines,        0 selected
tckgen: [  0%]    27951 seeds,    26254 streamlines,        0 selected
tckgen: [  0%]    28271 seeds,    26550 streamlines,        0 selected
tckgen: [  0%]    28521 seeds,    26795 streamlines,        0 selected
tckgen: [  0%]    28831 seeds,    27082 streamlines,        0 selected
tckgen: [  0%]    29121 seeds,    27361 streamlines,        0 selected
tckgen: [  0%]    29421 seeds,    27648 streamlines,        0 selected
tckgen: [  0%]    29701 seeds,    27911 streamlines,        0 selected
tckgen: [  0%]    29961 seeds,    28160 streamlines,        0 selected
tckgen: [  0%]    30251 seeds,    28424 streamlines,        0 selected
tckgen: [  0%]    30531 seeds,    28688 streamlines,        0 selected
tckgen: [  0%]    30821 seeds,    28960 streamlines,        0 selected
tckgen: [  0%]    31101 seeds,    29221 streamlines,        0 selected
tckgen: [  0%]    31371 seeds,    29472 streamlines,        0 selected
tckgen: [  0%]    31671 seeds,    29753 streamlines,        0 selected
tckgen: [  0%]    31951 seeds,    30016 streamlines,        0 selected
tckgen: [  0%]    32251 seeds,    30297 streamlines,        0 selected
tckgen: [  0%]    32551 seeds,    30576 streamlines,        0 selected
tckgen: [  0%]    32831 seeds,    30838 streamlines,        0 selected
tckgen: [  0%]    33111 seeds,    31097 streamlines,        0 selected
tckgen: [  0%]    33411 seeds,    31384 streamlines,        0 selected
tckgen: [  0%]    33681 seeds,    31640 streamlines,        0 selected
tckgen: [  0%]    33981 seeds,    31925 streamlines,        0 selected
tckgen: [  0%]    34271 seeds,    32192 streamlines,        0 selected
tckgen: [  0%]    34541 seeds,    32451 streamlines,        0 selected
tckgen: [  0%]    34841 seeds,    32736 streamlines,        0 selected
tckgen: [  0%]    35121 seeds,    33006 streamlines,        0 selected
tckgen: [  0%]    35401 seeds,    33272 streamlines,        0 selected
tckgen: [  0%]    35711 seeds,    33564 streamlines,        0 selected
tckgen: [  0%]    35991 seeds,    33826 streamlines,        0 selected
tckgen: [  0%]    36271 seeds,    34091 streamlines,        0 selected
tckgen: [  0%]    36581 seeds,    34382 streamlines,        0 selected
tckgen: [  0%]    36831 seeds,    34614 streamlines,        0 selected
tckgen: [  0%]    37101 seeds,    34870 streamlines,        0 selected
tckgen: [  0%]    37421 seeds,    35169 streamlines,        0 selected
tckgen: [  0%]    37681 seeds,    35419 streamlines,        0 selected
tckgen: [  0%]    37981 seeds,    35696 streamlines,        0 selected
tckgen: [  0%]    38291 seeds,    35986 streamlines,        0 selected
tckgen: [  0%]    38551 seeds,    36229 streamlines,        0 selected
tckgen: [  0%]    38851 seeds,    36513 streamlines,        0 selected
tckgen: [  0%]    39141 seeds,    36787 streamlines,        0 selected
tckgen: [  0%]    39431 seeds,    37059 streamlines,        0 selected
tckgen: [  0%]    39711 seeds,    37327 streamlines,        0 selected
tckgen: [  0%]    40001 seeds,    37597 streamlines,        0 selected
tckgen: [  0%]    40291 seeds,    37870 streamlines,        0 selected
tckgen: [  0%]    40551 seeds,    38117 streamlines,        0 selected
tckgen: [  0%]    40861 seeds,    38408 streamlines,        0 selected
tckgen: [  0%]    41141 seeds,    38669 streamlines,        0 selected
tckgen: [  0%]    41431 seeds,    38939 streamlines,        0 selected
tckgen: [  0%]    41701 seeds,    39195 streamlines,        0 selected
tckgen: [  0%]    41981 seeds,    39455 streamlines,        0 selected
tckgen: [  0%]    42281 seeds,    39735 streamlines,        0 selected
tckgen: [  0%]    42541 seeds,    39987 streamlines,        0 selected
tckgen: [  0%]    42831 seeds,    40260 streamlines,        0 selected
tckgen: [  0%]    43121 seeds,    40531 streamlines,        0 selected
tckgen: [  0%]    43431 seeds,    40819 streamlines,        0 selected
tckgen: [  0%]    43721 seeds,    41082 streamlines,        0 selected
tckgen: [  0%]    44031 seeds,    41380 streamlines,        0 selected
tckgen: [  0%]    44351 seeds,    41681 streamlines,        0 selected
tckgen: [  0%]    44621 seeds,    41933 streamlines,        0 selected
tckgen: [  0%]    44911 seeds,    42201 streamlines,        0 selected
tckgen: [  0%]    45181 seeds,    42457 streamlines,        0 selected
tckgen: [  0%]    45461 seeds,    42727 streamlines,        0 selected
tckgen: [  0%]    45761 seeds,    43014 streamlines,        0 selected
tckgen: [  0%]    46051 seeds,    43287 streamlines,        0 selected
tckgen: [  0%]    46361 seeds,    43580 streamlines,        0 selected
tckgen: [  0%]    46671 seeds,    43874 streamlines,        0 selected
tckgen: [  0%]    46961 seeds,    44152 streamlines,        0 selected
tckgen: [  0%]    47261 seeds,    44435 streamlines,        0 selected
tckgen: [  0%]    47511 seeds,    44674 streamlines,        0 selected
tckgen: [  0%]    47801 seeds,    44951 streamlines,        0 selected
tckgen: [  0%]    48111 seeds,    45247 streamlines,        0 selected
tckgen: [  0%]    48411 seeds,    45527 streamlines,        0 selected
tckgen: [  0%]    48681 seeds,    45780 streamlines,        0 selected
tckgen: [  0%]    48971 seeds,    46058 streamlines,        0 selected
tckgen: [  0%]    49241 seeds,    46316 streamlines,        0 selected
tckgen: [  0%]    49551 seeds,    46606 streamlines,        0 selected
tckgen: [  0%]    49811 seeds,    46849 streamlines,        0 selected
tckgen: [  0%]    50091 seeds,    47115 streamlines,        0 selected
tckgen: [  0%]    50361 seeds,    47363 streamlines,        0 selected
tckgen: [  0%]    50651 seeds,    47634 streamlines,        0 selected
tckgen: [  0%]    50921 seeds,    47883 streamlines,        0 selected
tckgen: [  0%]    51211 seeds,    48163 streamlines,        0 selected
tckgen: [  0%]    51521 seeds,    48456 streamlines,        0 selected
tckgen: [  0%]    51831 seeds,    48745 streamlines,        0 selected
tckgen: [  0%]    52121 seeds,    49019 streamlines,        0 selected
tckgen: [  0%]    52411 seeds,    49293 streamlines,        0 selected
tckgen: [  0%]    52691 seeds,    49555 streamlines,        0 selected
tckgen: [  0%]    52961 seeds,    49808 streamlines,        0 selected
tckgen: [  0%]    53251 seeds,    50078 streamlines,        0 selected
tckgen: [  0%]    53531 seeds,    50339 streamlines,        0 selected
tckgen: [  0%]    53821 seeds,    50612 streamlines,        0 selected
tckgen: [  0%]    54111 seeds,    50882 streamlines,        0 selected
tckgen: [  0%]    54411 seeds,    51168 streamlines,        0 selected
tckgen: [  0%]    54691 seeds,    51434 streamlines,        0 selected
tckgen: [  0%]    54951 seeds,    51681 streamlines,        0 selected
tckgen: [  0%]    55251 seeds,    51960 streamlines,        0 selected
tckgen: [  0%]    55511 seeds,    52196 streamlines,        0 selected
tckgen: [  0%]    55831 seeds,    52497 streamlines,        0 selected
tckgen: [  0%]    56121 seeds,    52769 streamlines,        0 selected
tckgen: [  0%]    56411 seeds,    53042 streamlines,        0 selected
tckgen: [  0%]    56671 seeds,    53284 streamlines,        0 selected
tckgen: [  0%]    56941 seeds,    53537 streamlines,        0 selected
tckgen: [  0%]    57241 seeds,    53822 streamlines,        0 selected
tckgen: [  0%]    57511 seeds,    54076 streamlines,        0 selected
tckgen: [  0%]    57821 seeds,    54370 streamlines,        0 selected
tckgen: [  0%]    58121 seeds,    54649 streamlines,        0 selected
tckgen: [  0%]    58431 seeds,    54953 streamlines,        0 selected
tckgen: [  0%]    58741 seeds,    55239 streamlines,        0 selected
tckgen: [  0%]    58981 seeds,    55470 streamlines,        0 selected
tckgen: [  0%]    59261 seeds,    55738 streamlines,        0 selected
tckgen: [  0%]    59531 seeds,    55993 streamlines,        0 selected
tckgen: [  0%]    59851 seeds,    56294 streamlines,        0 selected
tckgen: [  0%]    60121 seeds,    56548 streamlines,        0 selected
tckgen: [  0%]    60401 seeds,    56818 streamlines,        0 selected
tckgen: [  0%]    60651 seeds,    57053 streamlines,        0 selected
tckgen: [  0%]    60941 seeds,    57322 streamlines,        0 selected
tckgen: [  0%]    61191 seeds,    57558 streamlines,        0 selected
tckgen: [  0%]    61531 seeds,    57872 streamlines,        0 selected
tckgen: [  0%]    61811 seeds,    58137 streamlines,        0 selected
tckgen: [  0%]    62111 seeds,    58409 streamlines,        0 selected
tckgen: [  0%]    62381 seeds,    58657 streamlines,        0 selected
tckgen: [  0%]    62671 seeds,    58932 streamlines,        0 selected
tckgen: [  0%]    62981 seeds,    59228 streamlines,        0 selected
tckgen: [  0%]    63241 seeds,    59471 streamlines,        0 selected
tckgen: [  0%]    63551 seeds,    59758 streamlines,        0 selected
tckgen: [  0%]    63841 seeds,    60035 streamlines,        0 selected
tckgen: [  0%]    64141 seeds,    60319 streamlines,        0 selected
tckgen: [  0%]    64411 seeds,    60574 streamlines,        0 selected
tckgen: [  0%]    64681 seeds,    60830 streamlines,        0 selected
tckgen: [  0%]    64971 seeds,    61107 streamlines,        0 selected
tckgen: [  0%]    65261 seeds,    61382 streamlines,        0 selected
tckgen: [  0%]    65531 seeds,    61638 streamlines,        0 selected
tckgen: [  0%]    65791 seeds,    61887 streamlines,        0 selected
tckgen: [  0%]    66091 seeds,    62165 streamlines,        0 selected
tckgen: [  0%]    66381 seeds,    62441 streamlines,        0 selected
tckgen: [  0%]    66671 seeds,    62709 streamlines,        0 selected
tckgen: [  0%]    66961 seeds,    62988 streamlines,        0 selected
tckgen: [  0%]    67261 seeds,    63269 streamlines,        0 selected
tckgen: [  0%]    67551 seeds,    63538 streamlines,        0 selected
tckgen: [  0%]    67861 seeds,    63821 streamlines,        0 selected
tckgen: [  0%]    68131 seeds,    64070 streamlines,        0 selected
tckgen: [  0%]    68431 seeds,    64360 streamlines,        0 selected
tckgen: [  0%]    68701 seeds,    64609 streamlines,        0 selected
tckgen: [  0%]    68971 seeds,    64863 streamlines,        0 selected
tckgen: [  0%]    69291 seeds,    65162 streamlines,        0 selected
tckgen: [  0%]    69601 seeds,    65449 streamlines,        0 selected
tckgen: [  0%]    69891 seeds,    65727 streamlines,        0 selected
tckgen: [  0%]    70161 seeds,    65979 streamlines,        0 selected
tckgen: [  0%]    70421 seeds,    66227 streamlines,        0 selected
tckgen: [  0%]    70701 seeds,    66489 streamlines,        0 selected
tckgen: [  0%]    70991 seeds,    66762 streamlines,        0 selected
tckgen: [  0%]    71251 seeds,    67008 streamlines,        0 selected
tckgen: [  0%]    71531 seeds,    67267 streamlines,        0 selected
tckgen: [  0%]    71791 seeds,    67512 streamlines,        0 selected
tckgen: [  0%]    72081 seeds,    67790 streamlines,        0 selected
tckgen: [  0%]    72341 seeds,    68032 streamlines,        0 selected
tckgen: [  0%]    72651 seeds,    68326 streamlines,        0 selected
tckgen: [  0%]    72951 seeds,    68611 streamlines,        0 selected
tckgen: [  0%]    73241 seeds,    68880 streamlines,        0 selected
tckgen: [  0%]    73541 seeds,    69160 streamlines,        0 selected
tckgen: [  0%]    73841 seeds,    69442 streamlines,        0 selected
tckgen: [  0%]    74121 seeds,    69705 streamlines,        0 selected
tckgen: [  0%]    74441 seeds,    70012 streamlines,        0 selected
tckgen: [  0%]    74731 seeds,    70289 streamlines,        0 selected
tckgen: [  0%]    75021 seeds,    70564 streamlines,        0 selected
tckgen: [  0%]    75281 seeds,    70804 streamlines,        0 selected
tckgen: [  0%]    75541 seeds,    71049 streamlines,        0 selected
tckgen: [  0%]    75831 seeds,    71330 streamlines,        0 selected
tckgen: [  0%]    76111 seeds,    71594 streamlines,        0 selected
tckgen: [  0%]    76421 seeds,    71888 streamlines,        0 selected
tckgen: [  0%]    76711 seeds,    72164 streamlines,        0 selected
tckgen: [  0%]    76981 seeds,    72416 streamlines,        0 selected
tckgen: [  0%]    77271 seeds,    72695 streamlines,        0 selected
tckgen: [  0%]    77561 seeds,    72963 streamlines,        0 selected
tckgen: [  0%]    77871 seeds,    73254 streamlines,        0 selected
tckgen: [  0%]    78171 seeds,    73532 streamlines,        0 selected
tckgen: [  0%]    78255 seeds,    73611 streamlines,        1 selected
tckgen: [  0%]    78256 seeds,    73612 streamlines,        1 selected
tckgen: [  0%]    78821 seeds,    74142 streamlines,        1 selected
tckgen: [  0%]    79931 seeds,    75178 streamlines,        1 selected
tckgen: [  0%]    82271 seeds,    77355 streamlines,        1 selected
tckgen: [  0%]    86871 seeds,    81655 streamlines,        1 selected
tckgen: [  0%]    96161 seeds,    90369 streamlines,        1 selected
tckgen: [  0%]   114601 seeds,   107684 streamlines,        1 selected
tckgen: [  0%]   151451 seeds,   142275 streamlines,        2 selected
tckgen: [  0%]   225011 seeds,   211413 streamlines,        3 selected
tckgen: [  0%]   372661 seeds,   350080 streamlines,        4 selected
tckgen: [  0%]   667411 seeds,   627083 streamlines,        5 selected
tckgen: [  0%]  1255291 seeds,  1179427 streamlines,        8 selected

tckgen: [SYSTEM FATAL CODE: SIGHUP (1)] Disconnection of terminal
