sending incremental file list
data.nii.gz -> /space/nicc/2/EXC/EXC007/Bay3/diff/dwi.nii.gz

sent 117 bytes  received 19 bytes  272.00 bytes/sec
total size is 45  speedup is 0.33
sending incremental file list
bvals -> /space/nicc/2/EXC/EXC007/Bay3/diff/dwi.bvals

sent 110 bytes  received 19 bytes  258.00 bytes/sec
total size is 44  speedup is 0.34
sending incremental file list
bvecs -> /space/nicc/2/EXC/EXC007/Bay3/diff/dwi.bvecs

sent 110 bytes  received 19 bytes  258.00 bytes/sec
total size is 44  speedup is 0.34
mrconvert: [WARNING] existing output files will be overwritten
mrconvert: uncompressing image "/autofs/space/nicc_003/users/olchanyi/data/HCP100/EXC007/temp_gvxtebjkzn/data.nii.gz"... [==================================================]
mrconvert: copying from "/autofs/sp...temp_gvxtebjkzn/data.nii.gz" to "/autofs/sp...007/temp_gvxtebjkzn/dwi.mif"... [==================================================]
============================================================
STARTING:  /autofs/space/nicc_003/users/olchanyi/data/HCP100/EXC007
============================================================
creating temporary scratch directory  /autofs/space/nicc_003/users/olchanyi/data/HCP100/EXC007/temp_gvxtebjkzn/
extracting temporary b0...mrmath: [WARNING] existing output files will be overwritten
dwiextract: extracting volumes... [==================================================]
mrmath: preloading data for "/home/scratch/mrtrix-tmp-ZLt31q.mif"... [==================================================]
mrmath: computing mean along axis 3...... [==================================================]
mrconvert: copying from "/autofs/sp...temp_gvxtebjkzn/mean_b0.mif" to "/autofs/sp...p_gvxtebjkzn/mean_b0.nii.gz"... [==================================================]
mrconvert: compressing image "/autofs/space/nicc_003/users/olchanyi/data/HCP100/EXC007/temp_gvxtebjkzn/mean_b0.nii.gz"... [==================================================]
Constructing image-to-world transform from header information (/autofs/space/nicc_003/users/olchanyi/data/HCP100/EXC007/temp_gvxtebjkzn/mean_b0.nii.gz)
Read image: /autofs/space/nicc_003/users/olchanyi/data/HCP100/EXC007/temp_gvxtebjkzn/mean_b0.nii.gz
Constructing image-to-world transform from header information (/usr/local/freesurfer/7.2.0/average/samseg/20Subjects_smoothing2_down2_smoothingForAffine2/template.nii)
Read image: /usr/local/freesurfer/7.2.0/average/samseg/20Subjects_smoothing2_down2_smoothingForAffine2/template.nii
Read mesh collection: /usr/local/freesurfer/7.2.0/average/samseg/20Subjects_smoothing2_down2_smoothingForAffine2/atlasForAffineRegistration.txt.gz
Transforming points
Transforming points
AFFINE
min: -29.3735
max: 2920.35
robustMin: 0.131107
robustMax: 2166.51
histogram[ 0 ]: 1
histogram[ 1 ]: 0
histogram[ 2 ]: 1
histogram[ 3997 ]: 0
histogram[ 3998 ]: 0
histogram[ 3999 ]: 1
cumulativeHistogram[ 0 ]: 4.64201e-06
cumulativeHistogram[ 1 ]: 4.64201e-06
cumulativeHistogram[ 2 ]: 9.28402e-06
cumulativeHistogram[ 3997 ]: 0.999995
cumulativeHistogram[ 3998 ]: 0.999995
cumulativeHistogram[ 3999 ]: 1
AFFINE
min: -29.3735
max: 2920.35
robustMin: 0.131107
robustMax: 2166.51
histogram[ 0 ]: 1
histogram[ 1 ]: 0
histogram[ 2 ]: 1
histogram[ 3997 ]: 0
histogram[ 3998 ]: 0
histogram[ 3999 ]: 1
cumulativeHistogram[ 0 ]: 4.64201e-06
cumulativeHistogram[ 1 ]: 4.64201e-06
cumulativeHistogram[ 2 ]: 9.28402e-06
cumulativeHistogram[ 3997 ]: 0.999995
cumulativeHistogram[ 3998 ]: 0.999995
cumulativeHistogram[ 3999 ]: 1
Read mesh collection: /usr/local/freesurfer/7.2.0/average/samseg/20Subjects_smoothing2_down2_smoothingForAffine2/atlasForAffineRegistration.txt.gz
Transforming points
Transforming points
AFFINE
L-BFGS
BFGS-MaximumMemoryLength: 12
LineSearchMaximalDeformationIntervalStopCriterion: 0.005
MaximalDeformationStopCriterion: 0.005
Verbose: 0
min: -29.3735
max: 2920.35
robustMin: 0.131107
robustMax: 2166.51
histogram[ 0 ]: 1
histogram[ 1 ]: 0
histogram[ 2 ]: 1
histogram[ 3997 ]: 0
histogram[ 3998 ]: 0
histogram[ 3999 ]: 1
cumulativeHistogram[ 0 ]: 4.64201e-06
cumulativeHistogram[ 1 ]: 4.64201e-06
cumulativeHistogram[ 2 ]: 9.28402e-06
cumulativeHistogram[ 3997 ]: 0.999995
cumulativeHistogram[ 3998 ]: 0.999995
cumulativeHistogram[ 3999 ]: 1
Read mesh collection: /usr/local/freesurfer/7.2.0/average/samseg/20Subjects_smoothing2_down2_smoothingForAffine2/atlasForAffineRegistration.txt.gz
Transforming points
Transforming points
AFFINE
L-BFGS
BFGS-MaximumMemoryLength: 12
LineSearchMaximalDeformationIntervalStopCriterion: 0.005
MaximalDeformationStopCriterion: 0.005
Verbose: 0
min: -29.3735
max: 2920.35
robustMin: 0.131107
robustMax: 2166.51
histogram[ 0 ]: 1
histogram[ 1 ]: 0
histogram[ 2 ]: 1
histogram[ 3997 ]: 0
histogram[ 3998 ]: 0
histogram[ 3999 ]: 1
cumulativeHistogram[ 0 ]: 4.64201e-06
cumulativeHistogram[ 1 ]: 4.64201e-06
cumulativeHistogram[ 2 ]: 9.28402e-06
cumulativeHistogram[ 3997 ]: 0.999995
cumulativeHistogram[ 3998 ]: 0.999995
cumulativeHistogram[ 3999 ]: 1
Read mesh collection: /usr/local/freesurfer/7.2.0/average/samseg/20Subjects_smoothing2_down2_smoothingForAffine2/atlasForAffineRegistration.txt.gz
Transforming points
Transforming points
AFFINE
L-BFGS
BFGS-MaximumMemoryLength: 12
LineSearchMaximalDeformationIntervalStopCriterion: 0.005
MaximalDeformationStopCriterion: 0.005
Verbose: 0
min: -29.3735
max: 2920.35
robustMin: 0.131107
robustMax: 2166.51
histogram[ 0 ]: 1
histogram[ 1 ]: 0
histogram[ 2 ]: 1
histogram[ 3997 ]: 0
histogram[ 3998 ]: 0
histogram[ 3999 ]: 1
cumulativeHistogram[ 0 ]: 4.64201e-06
cumulativeHistogram[ 1 ]: 4.64201e-06
cumulativeHistogram[ 2 ]: 9.28402e-06
cumulativeHistogram[ 3997 ]: 0.999995
cumulativeHistogram[ 3998 ]: 0.999995
cumulativeHistogram[ 3999 ]: 1
Constructing image-to-world transform from header information (/autofs/space/nicc_003/users/olchanyi/data/HCP100/EXC007/temp_gvxtebjkzn/mean_b0.nii.gz)
Read image: /autofs/space/nicc_003/users/olchanyi/data/HCP100/EXC007/temp_gvxtebjkzn/mean_b0.nii.gz
Read mesh collection: /usr/local/freesurfer/7.2.0/average/samseg/20Subjects_smoothing2_down2_smoothingForAffine2/atlas_level2.txt.gz
Transforming points
Transforming points
Read mesh collection: /usr/local/freesurfer/7.2.0/average/samseg/20Subjects_smoothing2_down2_smoothingForAffine2/atlas_level2.txt.gz
Transforming points
Transforming points
Read mesh collection: /usr/local/freesurfer/7.2.0/average/samseg/20Subjects_smoothing2_down2_smoothingForAffine2/atlas_level1.txt.gz
Transforming points
Transforming points
1
0.398942
SLIDING
L-BFGS
BFGS-MaximumMemoryLength: 12
LineSearchMaximalDeformationIntervalStopCriterion: 0.001
MaximalDeformationStopCriterion: 0.001
MaximumNumberOfIterations: 20
Verbose: 0
1
0.398942
SLIDING
L-BFGS
BFGS-MaximumMemoryLength: 12
LineSearchMaximalDeformationIntervalStopCriterion: 0.001
MaximalDeformationStopCriterion: 0.001
MaximumNumberOfIterations: 20
Verbose: 0
1
0.398942
SLIDING
L-BFGS
BFGS-MaximumMemoryLength: 12
LineSearchMaximalDeformationIntervalStopCriterion: 0.001
MaximalDeformationStopCriterion: 0.001
MaximumNumberOfIterations: 20
Verbose: 0
1
0.398942
SLIDING
L-BFGS
BFGS-MaximumMemoryLength: 12
LineSearchMaximalDeformationIntervalStopCriterion: 0.001
MaximalDeformationStopCriterion: 0.001
MaximumNumberOfIterations: 20
Verbose: 0
1
0.398942
SLIDING
L-BFGS
BFGS-MaximumMemoryLength: 12
LineSearchMaximalDeformationIntervalStopCriterion: 0.001
MaximalDeformationStopCriterion: 0.001
MaximumNumberOfIterations: 20
Verbose: 0
1
0.398942
SLIDING
L-BFGS
BFGS-MaximumMemoryLength: 12
LineSearchMaximalDeformationIntervalStopCriterion: 0.001
MaximalDeformationStopCriterion: 0.001
MaximumNumberOfIterations: 20
Verbose: 0
1
0.398942
SLIDING
L-BFGS
BFGS-MaximumMemoryLength: 12
LineSearchMaximalDeformationIntervalStopCriterion: 0.001
MaximalDeformationStopCriterion: 0.001
MaximumNumberOfIterations: 20
Verbose: 0
1
0.398942
SLIDING
L-BFGS
BFGS-MaximumMemoryLength: 12
LineSearchMaximalDeformationIntervalStopCriterion: 0.001
MaximalDeformationStopCriterion: 0.001
MaximumNumberOfIterations: 20
Verbose: 0
1
0.398942
SLIDING
L-BFGS
BFGS-MaximumMemoryLength: 12
LineSearchMaximalDeformationIntervalStopCriterion: 0.001
MaximalDeformationStopCriterion: 0.001
MaximumNumberOfIterations: 20
Verbose: 0
1
0.398942
SLIDING
L-BFGS
BFGS-MaximumMemoryLength: 12
LineSearchMaximalDeformationIntervalStopCriterion: 0.001
MaximalDeformationStopCriterion: 0.001
MaximumNumberOfIterations: 20
Verbose: 0
1
0.398942
SLIDING
L-BFGS
BFGS-MaximumMemoryLength: 12
LineSearchMaximalDeformationIntervalStopCriterion: 0.001
MaximalDeformationStopCriterion: 0.001
MaximumNumberOfIterations: 20
Verbose: 0
1
0.398942
SLIDING
L-BFGS
BFGS-MaximumMemoryLength: 12
LineSearchMaximalDeformationIntervalStopCriterion: 0.001
MaximalDeformationStopCriterion: 0.001
MaximumNumberOfIterations: 20
Verbose: 0
1
0.398942
SLIDING
L-BFGS
BFGS-MaximumMemoryLength: 12
LineSearchMaximalDeformationIntervalStopCriterion: 0.001
MaximalDeformationStopCriterion: 0.001
MaximumNumberOfIterations: 20
Verbose: 0
1
0.398942
SLIDING
L-BFGS
BFGS-MaximumMemoryLength: 12
LineSearchMaximalDeformationIntervalStopCriterion: 0.001
MaximalDeformationStopCriterion: 0.001
MaximumNumberOfIterations: 20
Verbose: 0
1
0.398942
SLIDING
L-BFGS
BFGS-MaximumMemoryLength: 12
LineSearchMaximalDeformationIntervalStopCriterion: 0.001
MaximalDeformationStopCriterion: 0.001
MaximumNumberOfIterations: 20
Verbose: 0
1
0.398942
SLIDING
L-BFGS
BFGS-MaximumMemoryLength: 12
LineSearchMaximalDeformationIntervalStopCriterion: 0.001
MaximalDeformationStopCriterion: 0.001
MaximumNumberOfIterations: 20
Verbose: 0
1
0.398942
SLIDING
L-BFGS
BFGS-MaximumMemoryLength: 12
LineSearchMaximalDeformationIntervalStopCriterion: 0.001
MaximalDeformationStopCriterion: 0.001
MaximumNumberOfIterations: 20
Verbose: 0
1
0.398942
SLIDING
L-BFGS
BFGS-MaximumMemoryLength: 12
LineSearchMaximalDeformationIntervalStopCriterion: 0.001
MaximalDeformationStopCriterion: 0.001
MaximumNumberOfIterations: 20
Verbose: 0
1
0.398942
SLIDING
L-BFGS
BFGS-MaximumMemoryLength: 12
LineSearchMaximalDeformationIntervalStopCriterion: 0.001
MaximalDeformationStopCriterion: 0.001
MaximumNumberOfIterations: 20
Verbose: 0
1
0.398942
SLIDING
L-BFGS
BFGS-MaximumMemoryLength: 12
LineSearchMaximalDeformationIntervalStopCriterion: 0.001
MaximalDeformationStopCriterion: 0.001
MaximumNumberOfIterations: 20
Verbose: 0
##----------------------------------------------
              Samsegment Options
##----------------------------------------------
output directory: /autofs/space/nicc_003/users/olchanyi/data/HCP100/EXC007/samseg_labels/
input images: /autofs/space/nicc_003/users/olchanyi/data/HCP100/EXC007/temp_gvxtebjkzn/mean_b0.nii.gz
modelSpecifications: {'FreeSurferLabels': [0, 165, 258, 16, 24, 8, 47, 15, 259, 3, 42, 7, 46, 41, 2, 63, 54, 18, 53, 44, 17, 31, 5, 85, 60, 28, 14, 26, 12, 51, 62, 58, 77, 4, 30, 43, 52, 11, 49, 13, 50, 10, 80, 72], 'atlasFileName': '/usr/local/freesurfer/7.2.0/average/samseg/20Subjects_smoothing2_down2_smoothingForAffine2/atlas_level2.txt.gz', 'names': ['Unknown', 'Skull', 'Soft_Nonbrain_Tissue', 'Brain-Stem', 'CSF', 'Left-Cerebellum-Cortex', 'Right-Cerebellum-Cortex', '4th-Ventricle', 'Fluid_Inside_Eyes', 'Left-Cerebral-Cortex', 'Right-Cerebral-Cortex', 'Left-Cerebellum-White-Matter', 'Right-Cerebellum-White-Matter', 'Right-Cerebral-White-Matter', 'Left-Cerebral-White-Matter', 'Right-choroid-plexus', 'Right-Amygdala', 'Left-Amygdala', 'Right-Hippocampus', 'Right-Inf-Lat-Vent', 'Left-Hippocampus', 'Left-choroid-plexus', 'Left-Inf-Lat-Vent', 'Optic-Chiasm', 'Right-VentralDC', 'Left-VentralDC', '3rd-Ventricle', 'Left-Accumbens-area', 'Left-Putamen', 'Right-Putamen', 'Right-vessel', 'Right-Accumbens-area', 'WM-hypointensities', 'Left-Lateral-Ventricle', 'Left-vessel', 'Right-Lateral-Ventricle', 'Right-Pallidum', 'Left-Caudate', 'Right-Thalamus', 'Left-Pallidum', 'Right-Caudate', 'Left-Thalamus', 'non-WM-hypointensities', '5th-Ventricle'], 'colors': [[0, 0, 0, 0], [255, 165, 0, 255], [128, 128, 128, 255], [119, 159, 176, 255], [60, 60, 60, 255], [230, 148, 34, 255], [230, 148, 34, 255], [42, 204, 164, 255], [128, 0, 128, 255], [205, 62, 78, 255], [205, 62, 78, 255], [220, 248, 164, 255], [220, 248, 164, 255], [0, 225, 0, 255], [245, 245, 245, 255], [0, 200, 221, 255], [103, 255, 255, 255], [103, 255, 255, 255], [220, 216, 20, 255], [196, 58, 250, 255], [220, 216, 20, 255], [0, 200, 200, 255], [196, 58, 250, 255], [234, 169, 30, 255], [165, 42, 42, 255], [165, 42, 42, 255], [204, 182, 142, 255], [255, 165, 0, 255], [236, 13, 176, 255], [236, 13, 176, 255], [160, 32, 240, 255], [255, 165, 0, 255], [200, 70, 255, 255], [120, 18, 134, 255], [160, 32, 240, 255], [120, 18, 134, 255], [13, 48, 255, 255], [122, 186, 220, 255], [0, 118, 14, 255], [12, 48, 255, 255], [122, 186, 220, 255], [0, 118, 14, 255], [164, 108, 226, 255], [120, 190, 150, 255]], 'sharedGMMParameters': [GMMparameter(mergedName='Unknown', numberOfComponents=1, searchStrings=['Unknown', 'Skull']), GMMparameter(mergedName='GlobalWM', numberOfComponents=1, searchStrings=['White', 'Brain-Stem', 'VentralDC', 'Optic-Chiasm', 'Thalamus', 'Pallidum']), GMMparameter(mergedName='GlobalGM', numberOfComponents=1, searchStrings=['Cortex', 'Caudate', 'Hippocampus', 'Amygdala', 'Accumbens', 'hypointensities', 'Thalamus']), GMMparameter(mergedName='GlobalCSF_messy', numberOfComponents=1, searchStrings=['CSF', 'vessel', 'choroid-plexus', 'Fluid']), GMMparameter(mergedName='GlobalCSF_clean', numberOfComponents=1, searchStrings=['Ventricle', 'Inf-Lat-Vent', 'Fluid']), GMMparameter(mergedName='Putamen', numberOfComponents=1, searchStrings=['Putamen']), GMMparameter(mergedName='Soft', numberOfComponents=3, searchStrings=['Soft'])], 'useDiagonalCovarianceMatrices': True, 'maskingProbabilityThreshold': 0.5, 'maskingDistance': 10.0, 'K': 0.1, 'biasFieldSmoothingKernelSize': 50}
optimizationOptions: {'maximumNumberOfDeformationIterations': 20, 'absoluteCostPerVoxelDecreaseStopCriterion': 0.0001, 'verbose': False, 'maximalDeformationStopCriterion': 0.001, 'lineSearchMaximalDeformationIntervalStopCriterion': 0.001, 'maximalDeformationAppliedStopCriterion': 0.0, 'BFGSMaximumMemoryLength': 12, 'multiResolutionSpecification': [{'atlasFileName': '/usr/local/freesurfer/7.2.0/average/samseg/20Subjects_smoothing2_down2_smoothingForAffine2/atlas_level1.txt.gz', 'targetDownsampledVoxelSpacing': 2.0, 'maximumNumberOfIterations': 100, 'estimateBiasField': True}, {'atlasFileName': '/usr/local/freesurfer/7.2.0/average/samseg/20Subjects_smoothing2_down2_smoothingForAffine2/atlas_level2.txt.gz', 'targetDownsampledVoxelSpacing': 1.0, 'maximumNumberOfIterations': 100, 'estimateBiasField': True}]}
performing affine atlas registration
image: /autofs/space/nicc_003/users/olchanyi/data/HCP100/EXC007/temp_gvxtebjkzn/mean_b0.nii.gz
template: /usr/local/freesurfer/7.2.0/average/samseg/20Subjects_smoothing2_down2_smoothingForAffine2/template.nii
maximalDeformation=1.0000 minLogLikelihood=-0.5464
maximalDeformation=7.2539 minLogLikelihood=-0.5800
maximalDeformation=1.9958 minLogLikelihood=-0.6149
maximalDeformation=1.6102 minLogLikelihood=-0.6297
maximalDeformation=1.7876 minLogLikelihood=-0.6418
maximalDeformation=3.0793 minLogLikelihood=-0.6533
maximalDeformation=2.2400 minLogLikelihood=-0.6571
maximalDeformation=0.0091 minLogLikelihood=-0.6571
maximalDeformation=0.2276 minLogLikelihood=-0.6573
maximalDeformation=0.1236 minLogLikelihood=-0.6573
maximalDeformation=0.0000 minLogLikelihood=-0.6573
appliedScaling: 1.0058
maximalDeformation=0.2409 minLogLikelihood=-0.6698
maximalDeformation=0.7293 minLogLikelihood=-0.6716
maximalDeformation=0.0000 minLogLikelihood=-0.6716
appliedScaling: 0.9979
maximalDeformation=1.0000 minLogLikelihood=-0.6742
maximalDeformation=2.0884 minLogLikelihood=-0.6761
maximalDeformation=0.0000 minLogLikelihood=-0.6761
appliedScaling: 0.9901
writing template transform to /autofs/space/nicc_003/users/olchanyi/data/HCP100/EXC007/samseg_labels/template.lta
writing talairach transform to /autofs/space/nicc_003/users/olchanyi/data/HCP100/EXC007/samseg_labels/samseg.talairach.lta
atlas registration complete: 0:00:21.384450
[0.75 0.75 0.75]
Unknown
    Unknown                       (100%)
    Skull                         (100%)
GlobalWM
    Brain-Stem                    (100%)
    Left-Cerebellum-White-Matter  (100%)
    Right-Cerebellum-White-Matter (100%)
    Right-Cerebral-White-Matter   (100%)
    Left-Cerebral-White-Matter    (100%)
    Optic-Chiasm                  (100%)
    Right-VentralDC               (100%)
    Left-VentralDC                (100%)
    Right-Pallidum                (100%)
    Right-Thalamus                (50%)
    Left-Pallidum                 (100%)
    Left-Thalamus                 (50%)
GlobalGM
    Left-Cerebellum-Cortex        (100%)
    Right-Cerebellum-Cortex       (100%)
    Left-Cerebral-Cortex          (100%)
    Right-Cerebral-Cortex         (100%)
    Right-Amygdala                (100%)
    Left-Amygdala                 (100%)
    Right-Hippocampus             (100%)
    Left-Hippocampus              (100%)
    Left-Accumbens-area           (100%)
    Right-Accumbens-area          (100%)
    WM-hypointensities            (100%)
    Left-Caudate                  (100%)
    Right-Thalamus                (50%)
    Right-Caudate                 (100%)
    Left-Thalamus                 (50%)
    non-WM-hypointensities        (100%)
GlobalCSF_messy
    CSF                           (100%)
    Fluid_Inside_Eyes             (50%)
    Right-choroid-plexus          (100%)
    Left-choroid-plexus           (100%)
    Right-vessel                  (100%)
    Left-vessel                   (100%)
GlobalCSF_clean
    4th-Ventricle                 (100%)
    Fluid_Inside_Eyes             (50%)
    Right-Inf-Lat-Vent            (100%)
    Left-Inf-Lat-Vent             (100%)
    3rd-Ventricle                 (100%)
    Left-Lateral-Ventricle        (100%)
    Right-Lateral-Ventricle       (100%)
    5th-Ventricle                 (100%)
Putamen
    Left-Putamen                  (100%)
    Right-Putamen                 (100%)
Soft
    Soft_Nonbrain_Tissue          (100%)
====================
{
    depth: 1
    maximumNumberOfDeformationIterations: 20
    absoluteCostPerVoxelDecreaseStopCriterion: 0.0001
    verbose: False
    maximalDeformationStopCriterion: 0.001
    lineSearchMaximalDeformationIntervalStopCriterion: 0.001
    maximalDeformationAppliedStopCriterion: 0.0
    BFGSMaximumMemoryLength: 12
    multiResolutionSpecification: {
        depth: 2
        atlasFileName: /usr/local/freesurfer/7.2.0/average/samseg/20Subjects_smoothing2_down2_smoothingForAffine2/atlas_level1.txt.gz
        targetDownsampledVoxelSpacing: 2.0
        maximumNumberOfIterations: 100
        estimateBiasField: True
    }, {
        depth: 2
        atlasFileName: /usr/local/freesurfer/7.2.0/average/samseg/20Subjects_smoothing2_down2_smoothingForAffine2/atlas_level2.txt.gz
        targetDownsampledVoxelSpacing: 1.0
        maximumNumberOfIterations: 100
        estimateBiasField: True
    }
}
====================
iterationNumber: 0
EM converged!
maximalDeformation=0.2500 minLogLikelihood=206340.4572
maximalDeformation=0.0872 minLogLikelihood=205853.1709
maximalDeformation=0.1593 minLogLikelihood=205135.7799
maximalDeformation=0.1032 minLogLikelihood=204718.8838
maximalDeformation=0.0383 minLogLikelihood=204605.9146
maximalDeformation=0.0693 minLogLikelihood=204348.8829
maximalDeformation=0.0275 minLogLikelihood=204261.7031
maximalDeformation=0.0684 minLogLikelihood=203914.7449
maximalDeformation=0.0174 minLogLikelihood=203751.6744
maximalDeformation=0.0296 minLogLikelihood=203649.9020
maximalDeformation=0.0355 minLogLikelihood=203527.9248
maximalDeformation=0.0195 minLogLikelihood=203450.7684
maximalDeformation=0.0267 minLogLikelihood=203282.9916
maximalDeformation=0.0202 minLogLikelihood=203242.2683
maximalDeformation=0.0372 minLogLikelihood=203099.6152
maximalDeformation=0.0255 minLogLikelihood=202972.3000
maximalDeformation=0.0572 minLogLikelihood=202826.2997
maximalDeformation=0.0569 minLogLikelihood=202711.4497
maximalDeformation=0.0198 minLogLikelihood=202540.9994
maximalDeformation=0.0339 minLogLikelihood=202499.2051
maximalDeformation=0.0000 minLogLikelihood=202499.2051
maximalDeformationApplied: 0.9513
=======================================================
iterationNumber: 1
EM converged!
maximalDeformation=0.5000 minLogLikelihood=118677.2322
maximalDeformation=0.0247 minLogLikelihood=118599.4893
maximalDeformation=0.2523 minLogLikelihood=117693.7681
maximalDeformation=0.2063 minLogLikelihood=117016.4324
maximalDeformation=0.2130 minLogLikelihood=116322.1384
maximalDeformation=0.2108 minLogLikelihood=115754.1474
maximalDeformation=0.0598 minLogLikelihood=115609.3010
maximalDeformation=0.0487 minLogLikelihood=115529.7758
maximalDeformation=0.0785 minLogLikelihood=115407.0351
maximalDeformation=0.0323 minLogLikelihood=115322.7697
maximalDeformation=0.1079 minLogLikelihood=115105.0592
maximalDeformation=0.0659 minLogLikelihood=115019.9196
maximalDeformation=0.0728 minLogLikelihood=114821.4535
maximalDeformation=0.0949 minLogLikelihood=114619.2451
maximalDeformation=0.0679 minLogLikelihood=114527.5276
maximalDeformation=0.0787 minLogLikelihood=114321.6322
maximalDeformation=0.0710 minLogLikelihood=114246.6325
maximalDeformation=0.1180 minLogLikelihood=114038.7326
maximalDeformation=0.0830 minLogLikelihood=113878.3902
maximalDeformation=0.0299 minLogLikelihood=113786.9655
maximalDeformation=0.0000 minLogLikelihood=113786.9655
maximalDeformationApplied: 1.3167
=======================================================
iterationNumber: 2
EM converged!
maximalDeformation=0.5000 minLogLikelihood=113613.2163
maximalDeformation=0.0415 minLogLikelihood=113523.9719
maximalDeformation=0.4559 minLogLikelihood=112888.5683
maximalDeformation=0.3001 minLogLikelihood=112165.0462
maximalDeformation=0.1504 minLogLikelihood=111782.3047
maximalDeformation=0.2429 minLogLikelihood=111233.3396
maximalDeformation=0.0390 minLogLikelihood=111166.0351
maximalDeformation=0.1998 minLogLikelihood=111029.4902
maximalDeformation=0.0518 minLogLikelihood=110995.5025
maximalDeformation=0.0937 minLogLikelihood=110828.7541
maximalDeformation=0.0464 minLogLikelihood=110768.0297
maximalDeformation=0.0685 minLogLikelihood=110702.2402
maximalDeformation=0.2387 minLogLikelihood=110595.7711
maximalDeformation=0.0531 minLogLikelihood=110561.4176
maximalDeformation=0.0882 minLogLikelihood=110475.7586
maximalDeformation=0.1240 minLogLikelihood=110398.5866
maximalDeformation=0.0935 minLogLikelihood=110299.3455
maximalDeformation=0.0733 minLogLikelihood=110243.4100
maximalDeformation=0.0869 minLogLikelihood=110158.0044
maximalDeformation=0.0811 minLogLikelihood=110004.3066
maximalDeformation=0.0000 minLogLikelihood=110004.3066
maximalDeformationApplied: 1.0558
=======================================================
iterationNumber: 3
EM converged!
maximalDeformation=1.0000 minLogLikelihood=109800.1811
maximalDeformation=0.2527 minLogLikelihood=109748.1929
maximalDeformation=0.0824 minLogLikelihood=109624.1372
maximalDeformation=0.3989 minLogLikelihood=109056.0437
maximalDeformation=0.3059 minLogLikelihood=108656.9605
maximalDeformation=0.0628 minLogLikelihood=108585.0296
maximalDeformation=0.0839 minLogLikelihood=108530.2865
maximalDeformation=0.1941 minLogLikelihood=108330.0911
maximalDeformation=0.1168 minLogLikelihood=108294.3643
maximalDeformation=0.0426 minLogLikelihood=108198.7791
maximalDeformation=0.1006 minLogLikelihood=108115.2373
maximalDeformation=0.1287 minLogLikelihood=108057.3089
maximalDeformation=0.0303 minLogLikelihood=108022.1640
maximalDeformation=0.0997 minLogLikelihood=107980.7289
maximalDeformation=0.0579 minLogLikelihood=107939.6594
maximalDeformation=0.0557 minLogLikelihood=107895.9105
maximalDeformation=0.0943 minLogLikelihood=107802.6146
maximalDeformation=0.0628 minLogLikelihood=107720.8521
maximalDeformation=0.0860 minLogLikelihood=107618.5971
maximalDeformation=0.1080 minLogLikelihood=107491.1327
maximalDeformation=0.0000 minLogLikelihood=107491.1327
maximalDeformationApplied: 1.2935
=======================================================
iterationNumber: 4
EM converged!
maximalDeformation=0.1250 minLogLikelihood=107360.0116
maximalDeformation=0.1373 minLogLikelihood=107226.2694
maximalDeformation=0.1568 minLogLikelihood=107131.4345
maximalDeformation=0.2412 minLogLikelihood=106986.2609
maximalDeformation=0.1496 minLogLikelihood=106926.6718
maximalDeformation=0.1183 minLogLikelihood=106877.0390
maximalDeformation=0.0352 minLogLikelihood=106863.5963
maximalDeformation=0.1047 minLogLikelihood=106806.1765
maximalDeformation=0.1827 minLogLikelihood=106684.7017
maximalDeformation=0.0703 minLogLikelihood=106637.4627
maximalDeformation=0.1797 minLogLikelihood=106512.3711
maximalDeformation=0.0555 minLogLikelihood=106487.6120
maximalDeformation=0.0343 minLogLikelihood=106477.0649
maximalDeformation=0.0914 minLogLikelihood=106358.4798
maximalDeformation=0.0426 minLogLikelihood=106348.9752
maximalDeformation=0.0649 minLogLikelihood=106308.5959
maximalDeformation=0.0612 minLogLikelihood=106274.3718
maximalDeformation=0.1572 minLogLikelihood=106202.3645
maximalDeformation=0.1518 minLogLikelihood=106143.8205
maximalDeformation=0.1338 minLogLikelihood=106080.5033
maximalDeformation=0.0000 minLogLikelihood=106080.5033
maximalDeformationApplied: 1.5066
=======================================================
iterationNumber: 5
EM converged!
maximalDeformation=0.3270 minLogLikelihood=106019.8699
maximalDeformation=0.1087 minLogLikelihood=105980.2216
maximalDeformation=0.0595 minLogLikelihood=105934.9176
maximalDeformation=0.2497 minLogLikelihood=105766.3158
maximalDeformation=0.5199 minLogLikelihood=105522.8662
maximalDeformation=0.1518 minLogLikelihood=105473.5340
maximalDeformation=0.1145 minLogLikelihood=105427.9692
maximalDeformation=0.1303 minLogLikelihood=105364.3110
maximalDeformation=0.2224 minLogLikelihood=105263.0293
maximalDeformation=0.1260 minLogLikelihood=105217.2396
maximalDeformation=0.0473 minLogLikelihood=105201.6682
maximalDeformation=0.0596 minLogLikelihood=105161.4319
maximalDeformation=0.0798 minLogLikelihood=105092.1637
maximalDeformation=0.1330 minLogLikelihood=104974.7754
maximalDeformation=0.2034 minLogLikelihood=104834.2514
maximalDeformation=0.0983 minLogLikelihood=104771.5642
maximalDeformation=0.0613 minLogLikelihood=104737.8540
maximalDeformation=0.0691 minLogLikelihood=104650.4135
maximalDeformation=0.0260 minLogLikelihood=104636.9097
maximalDeformation=0.1974 minLogLikelihood=104562.5500
maximalDeformation=0.0000 minLogLikelihood=104562.5500
maximalDeformationApplied: 1.0949
=======================================================
iterationNumber: 6
EM converged!
maximalDeformation=0.0319 minLogLikelihood=104534.4845
maximalDeformation=0.0207 minLogLikelihood=104521.2527
maximalDeformation=0.0145 minLogLikelihood=104512.5550
maximalDeformation=0.0560 minLogLikelihood=104477.0951
maximalDeformation=0.1159 minLogLikelihood=104401.5558
maximalDeformation=0.0609 minLogLikelihood=104356.0717
maximalDeformation=0.0665 minLogLikelihood=104302.9540
maximalDeformation=0.0454 minLogLikelihood=104277.0409
maximalDeformation=0.1099 minLogLikelihood=104175.7292
maximalDeformation=0.2395 minLogLikelihood=104044.6260
maximalDeformation=0.0254 minLogLikelihood=104034.5670
maximalDeformation=0.0297 minLogLikelihood=104000.3763
maximalDeformation=0.0469 minLogLikelihood=103983.4005
maximalDeformation=0.0699 minLogLikelihood=103951.6171
maximalDeformation=0.0474 minLogLikelihood=103931.7036
maximalDeformation=0.1261 minLogLikelihood=103886.7302
maximalDeformation=0.0541 minLogLikelihood=103846.8153
maximalDeformation=0.0354 minLogLikelihood=103835.1620
maximalDeformation=0.0371 minLogLikelihood=103824.5351
maximalDeformation=0.0498 minLogLikelihood=103811.2523
maximalDeformation=0.0000 minLogLikelihood=103811.2523
maximalDeformationApplied: 1.0555
=======================================================
iterationNumber: 7
EM converged!
maximalDeformation=0.2273 minLogLikelihood=103761.0157
maximalDeformation=0.0295 minLogLikelihood=103747.3845
maximalDeformation=0.0713 minLogLikelihood=103698.5120
maximalDeformation=0.3983 minLogLikelihood=103485.1374
maximalDeformation=0.2150 minLogLikelihood=103390.6554
maximalDeformation=0.0987 minLogLikelihood=103319.8583
maximalDeformation=0.2314 minLogLikelihood=103170.7039
maximalDeformation=0.1059 minLogLikelihood=103093.6021
maximalDeformation=0.0681 minLogLikelihood=103067.1808
maximalDeformation=0.0603 minLogLikelihood=103046.8990
maximalDeformation=0.1346 minLogLikelihood=102995.0254
maximalDeformation=0.0640 minLogLikelihood=102963.5898
maximalDeformation=0.1373 minLogLikelihood=102925.1041
maximalDeformation=0.0365 minLogLikelihood=102910.4756
maximalDeformation=0.0778 minLogLikelihood=102874.8944
maximalDeformation=0.0699 minLogLikelihood=102862.1939
maximalDeformation=0.1088 minLogLikelihood=102828.4719
maximalDeformation=0.1336 minLogLikelihood=102824.8093
maximalDeformation=0.0807 minLogLikelihood=102789.2532
maximalDeformation=0.0779 minLogLikelihood=102746.3478
maximalDeformation=0.0000 minLogLikelihood=102746.3478
maximalDeformationApplied: 1.0719
=======================================================
iterationNumber: 8
EM converged!
maximalDeformation=0.2500 minLogLikelihood=102620.4908
maximalDeformation=0.1489 minLogLikelihood=102513.6207
maximalDeformation=0.3943 minLogLikelihood=102352.6106
maximalDeformation=0.0741 minLogLikelihood=102339.4201
maximalDeformation=0.1434 minLogLikelihood=102329.2541
maximalDeformation=0.1141 minLogLikelihood=102299.2665
maximalDeformation=0.0429 minLogLikelihood=102287.2026
maximalDeformation=0.0181 minLogLikelihood=102281.5523
maximalDeformation=0.0727 minLogLikelihood=102250.7209
maximalDeformation=0.0894 minLogLikelihood=102218.3780
maximalDeformation=0.0346 minLogLikelihood=102207.9763
maximalDeformation=0.1181 minLogLikelihood=102162.4285
maximalDeformation=0.0562 minLogLikelihood=102148.1089
maximalDeformation=0.0446 minLogLikelihood=102137.6899
maximalDeformation=0.0578 minLogLikelihood=102116.0830
maximalDeformation=0.0334 minLogLikelihood=102106.1946
maximalDeformation=0.0264 minLogLikelihood=102097.5338
maximalDeformation=0.0556 minLogLikelihood=102081.2718
maximalDeformation=0.0295 minLogLikelihood=102061.0686
maximalDeformation=0.0890 minLogLikelihood=102015.5637
maximalDeformation=0.0000 minLogLikelihood=102015.5637
maximalDeformationApplied: 1.0582
=======================================================
iterationNumber: 9
EM converged!
maximalDeformation=0.2500 minLogLikelihood=101972.1972
maximalDeformation=0.0862 minLogLikelihood=101949.8088
maximalDeformation=0.0390 minLogLikelihood=101927.8788
maximalDeformation=0.1443 minLogLikelihood=101867.7427
maximalDeformation=0.0447 minLogLikelihood=101847.3375
maximalDeformation=0.0355 minLogLikelihood=101833.8777
maximalDeformation=0.1232 minLogLikelihood=101790.8902
maximalDeformation=0.0795 minLogLikelihood=101768.5035
maximalDeformation=0.0564 minLogLikelihood=101757.6653
maximalDeformation=0.1177 minLogLikelihood=101724.1674
maximalDeformation=0.0812 minLogLikelihood=101699.7128
maximalDeformation=0.1265 minLogLikelihood=101668.5826
maximalDeformation=0.0388 minLogLikelihood=101656.9174
maximalDeformation=0.0272 minLogLikelihood=101646.9694
maximalDeformation=0.0495 minLogLikelihood=101631.4895
maximalDeformation=0.0595 minLogLikelihood=101623.0540
maximalDeformation=0.0392 minLogLikelihood=101597.1441
maximalDeformation=0.1544 minLogLikelihood=101488.2927
maximalDeformation=0.0594 minLogLikelihood=101448.1404
maximalDeformation=0.0381 minLogLikelihood=101427.3270
maximalDeformation=0.0000 minLogLikelihood=101427.3270
maximalDeformationApplied: 0.6204
=======================================================
iterationNumber: 10
EM converged!
maximalDeformation=0.0625 minLogLikelihood=101406.2213
maximalDeformation=0.0185 minLogLikelihood=101397.1330
maximalDeformation=0.0993 minLogLikelihood=101352.8962
maximalDeformation=0.0372 minLogLikelihood=101335.8416
maximalDeformation=0.1018 minLogLikelihood=101292.3833
maximalDeformation=0.0320 minLogLikelihood=101281.8123
maximalDeformation=0.0210 minLogLikelihood=101277.6960
maximalDeformation=0.0747 minLogLikelihood=101258.5783
maximalDeformation=0.2094 minLogLikelihood=101213.8376
maximalDeformation=0.1490 minLogLikelihood=101172.9075
maximalDeformation=0.1689 minLogLikelihood=101122.4215
maximalDeformation=0.0980 minLogLikelihood=101081.9744
maximalDeformation=0.0511 minLogLikelihood=101059.5496
maximalDeformation=0.0984 minLogLikelihood=101031.4432
maximalDeformation=0.1052 minLogLikelihood=101008.7094
maximalDeformation=0.0775 minLogLikelihood=100986.7661
maximalDeformation=0.0912 minLogLikelihood=100961.6777
maximalDeformation=0.0756 minLogLikelihood=100930.9336
maximalDeformation=0.0649 minLogLikelihood=100907.8031
maximalDeformation=0.0964 minLogLikelihood=100884.5961
maximalDeformation=0.0000 minLogLikelihood=100884.5961
maximalDeformationApplied: 0.7251
=======================================================
iterationNumber: 11
EM converged!
maximalDeformation=0.2500 minLogLikelihood=100845.6126
maximalDeformation=0.0473 minLogLikelihood=100825.5689
maximalDeformation=0.0794 minLogLikelihood=100783.6733
maximalDeformation=0.2483 minLogLikelihood=100705.7075
maximalDeformation=0.0676 minLogLikelihood=100690.0694
maximalDeformation=0.1323 minLogLikelihood=100676.8873
maximalDeformation=0.0637 minLogLikelihood=100667.6273
maximalDeformation=0.1288 minLogLikelihood=100660.3621
maximalDeformation=0.0268 minLogLikelihood=100651.0208
maximalDeformation=0.0514 minLogLikelihood=100633.7683
maximalDeformation=0.0850 minLogLikelihood=100605.9467
maximalDeformation=0.0491 minLogLikelihood=100588.8348
maximalDeformation=0.0916 minLogLikelihood=100555.0977
maximalDeformation=0.0950 minLogLikelihood=100527.6470
maximalDeformation=0.0828 minLogLikelihood=100503.5408
maximalDeformation=0.1226 minLogLikelihood=100466.8881
maximalDeformation=0.0885 minLogLikelihood=100451.8373
maximalDeformation=0.0401 minLogLikelihood=100448.8798
maximalDeformation=0.0631 minLogLikelihood=100437.4741
maximalDeformation=0.0828 minLogLikelihood=100410.6651
maximalDeformation=0.0000 minLogLikelihood=100410.6651
maximalDeformationApplied: 0.9497
=======================================================
iterationNumber: 12
EM converged!
maximalDeformation=0.2500 minLogLikelihood=100345.0500
maximalDeformation=0.0772 minLogLikelihood=100333.3249
maximalDeformation=0.0158 minLogLikelihood=100329.8312
maximalDeformation=0.0602 minLogLikelihood=100313.3961
maximalDeformation=0.1022 minLogLikelihood=100296.2737
maximalDeformation=0.0176 minLogLikelihood=100290.4267
maximalDeformation=0.1329 minLogLikelihood=100258.9828
maximalDeformation=0.1251 minLogLikelihood=100233.3333
maximalDeformation=0.1382 minLogLikelihood=100212.7245
maximalDeformation=0.0780 minLogLikelihood=100197.1224
maximalDeformation=0.0573 minLogLikelihood=100179.5259
maximalDeformation=0.1407 minLogLikelihood=100145.5864
maximalDeformation=0.0687 minLogLikelihood=100129.0994
maximalDeformation=0.0383 minLogLikelihood=100120.3033
maximalDeformation=0.1251 minLogLikelihood=100085.3532
maximalDeformation=0.1614 minLogLikelihood=100051.5338
maximalDeformation=0.0953 minLogLikelihood=100034.0991
maximalDeformation=0.0736 minLogLikelihood=100019.7703
maximalDeformation=0.1176 minLogLikelihood=100001.95211
0.398942
SLIDING
L-BFGS
BFGS-MaximumMemoryLength: 12
LineSearchMaximalDeformationIntervalStopCriterion: 0.001
MaximalDeformationStopCriterion: 0.001
MaximumNumberOfIterations: 20
Verbose: 0
1
0.398942
SLIDING
L-BFGS
BFGS-MaximumMemoryLength: 12
LineSearchMaximalDeformationIntervalStopCriterion: 0.001
MaximalDeformationStopCriterion: 0.001
MaximumNumberOfIterations: 20
Verbose: 0
1
0.398942
SLIDING
L-BFGS
BFGS-MaximumMemoryLength: 12
LineSearchMaximalDeformationIntervalStopCriterion: 0.001
MaximalDeformationStopCriterion: 0.001
MaximumNumberOfIterations: 20
Verbose: 0
Read mesh collection: /usr/local/freesurfer/7.2.0/average/samseg/20Subjects_smoothing2_down2_smoothingForAffine2/atlas_level2.txt.gz
Transforming points
Transforming points
Read mesh collection: /usr/local/freesurfer/7.2.0/average/samseg/20Subjects_smoothing2_down2_smoothingForAffine2/atlas_level1.txt.gz
Read mesh collection: /usr/local/freesurfer/7.2.0/average/samseg/20Subjects_smoothing2_down2_smoothingForAffine2/atlas_level2.txt.gz
SLIDING
L-BFGS
BFGS-MaximumMemoryLength: 12
LineSearchMaximalDeformationIntervalStopCriterion: 0.005
MaximalDeformationStopCriterion: 0.005
Verbose: 1
[BRACKETING] Found a really good solution -- no need for zooming: 1
-----------------------
[BRACKETING] Found a really good solution -- no need for zooming: 8.16303
-----------------------
[BRACKETING] Hit a really bad solution -- ready for zooming: 4.7352
[ZOOMING] Zooming with low=0 and high=4.7352
   bisected: 2.3676
   bisected: 1.1838
   bisected: 0.5919
[ZOOMING] Found a good solution: 0.5919
-----------------------
[BRACKETING] Found a really good solution -- no need for zooming: 0.223568
-----------------------
[BRACKETING] Found a really good solution -- no need for zooming: 0.203616
-----------------------
[BRACKETING] Found a really good solution -- no need for zooming: 0.245843
-----------------------
[BRACKETING] Found a really good solution -- no need for zooming: 0.111395
-----------------------
[BRACKETING] Found a really good solution -- no need for zooming: 0.0880418
-----------------------
[BRACKETING] Found a really good solution -- no need for zooming: 0.153769
-----------------------
[BRACKETING] Found a really good solution -- no need for zooming: 0.0582035
-----------------------
[BRACKETING] Found a really good solution -- no need for zooming: 0.0293219
-----------------------
[BRACKETING] Found a really good solution -- no need for zooming: 0.00480415
-----------------------
Optimizer: maximalDeformation is too small; stopping
1
0.398942
SLIDING
L-BFGS
BFGS-MaximumMemoryLength: 12
LineSearchMaximalDeformationIntervalStopCriterion: 0.001
MaximalDeformationStopCriterion: 0.001
MaximumNumberOfIterations: 20
Verbose: 0
1
0.398942
SLIDING
L-BFGS
BFGS-MaximumMemoryLength: 12
LineSearchMaximalDeformationIntervalStopCriterion: 0.001
MaximalDeformationStopCriterion: 0.001
MaximumNumberOfIterations: 20
Verbose: 0
1
0.398942
SLIDING
L-BFGS
BFGS-MaximumMemoryLength: 12
LineSearchMaximalDeformationIntervalStopCriterion: 0.001
MaximalDeformationStopCriterion: 0.001
MaximumNumberOfIterations: 20
Verbose: 0
1
0.398942
SLIDING
L-BFGS
BFGS-MaximumMemoryLength: 12
LineSearchMaximalDeformationIntervalStopCriterion: 0.001
MaximalDeformationStopCriterion: 0.001
MaximumNumberOfIterations: 20
Verbose: 0
1
0.398942
SLIDING
L-BFGS
BFGS-MaximumMemoryLength: 12
LineSearchMaximalDeformationIntervalStopCriterion: 0.001
MaximalDeformationStopCriterion: 0.001
MaximumNumberOfIterations: 20
Verbose: 0
1
0.398942
SLIDING
L-BFGS
BFGS-MaximumMemoryLength: 12
LineSearchMaximalDeformationIntervalStopCriterion: 0.001
MaximalDeformationStopCriterion: 0.001
MaximumNumberOfIterations: 20
Verbose: 0
1
0.398942
SLIDING
L-BFGS
BFGS-MaximumMemoryLength: 12
LineSearchMaximalDeformationIntervalStopCriterion: 0.001
MaximalDeformationStopCriterion: 0.001
MaximumNumberOfIterations: 20
Verbose: 0
1
0.398942
SLIDING
L-BFGS
BFGS-MaximumMemoryLength: 12
LineSearchMaximalDeformationIntervalStopCriterion: 0.001
MaximalDeformationStopCriterion: 0.001
MaximumNumberOfIterations: 20
Verbose: 0
1
0.398942
SLIDING
L-BFGS
BFGS-MaximumMemoryLength: 12
LineSearchMaximalDeformationIntervalStopCriterion: 0.001
MaximalDeformationStopCriterion: 0.001
MaximumNumberOfIterations: 20
Verbose: 0
1
0.398942
SLIDING
L-BFGS
BFGS-MaximumMemoryLength: 12
LineSearchMaximalDeformationIntervalStopCriterion: 0.001
MaximalDeformationStopCriterion: 0.001
MaximumNumberOfIterations: 20
Verbose: 0
1
0.398942
SLIDING
L-BFGS
BFGS-MaximumMemoryLength: 12
LineSearchMaximalDeformationIntervalStopCriterion: 0.001
MaximalDeformationStopCriterion: 0.001
MaximumNumberOfIterations: 20
Verbose: 0
1
0.398942
SLIDING
L-BFGS
BFGS-MaximumMemoryLength: 12
LineSearchMaximalDeformationIntervalStopCriterion: 0.001
MaximalDeformationStopCriterion: 0.001
MaximumNumberOfIterations: 20
Verbose: 0
1
0.398942
SLIDING
L-BFGS
BFGS-MaximumMemoryLength: 12
LineSearchMaximalDeformationIntervalStopCriterion: 0.001
MaximalDeformationStopCriterion: 0.001
MaximumNumberOfIterations: 20
Verbose: 0
1
0.398942
SLIDING
L-BFGS
BFGS-MaximumMemoryLength: 12
LineSearchMaximalDeformationIntervalStopCriterion: 0.001
MaximalDeformationStopCriterion: 0.001
MaximumNumberOfIterations: 20
Verbose: 0
1
0.398942
SLIDING
L-BFGS
BFGS-MaximumMemoryLength: 12
LineSearchMaximalDeformationIntervalStopCriterion: 0.001
MaximalDeformationStopCriterion: 0.001
MaximumNumberOfIterations: 20
Verbose: 0
1
0.398942
SLIDING
L-BFGS
BFGS-MaximumMemoryLength: 12
LineSearchMaximalDeformationIntervalStopCriterion: 0.001
MaximalDeformationStopCriterion: 0.001
MaximumNumberOfIterations: 20
Verbose: 0

maximalDeformation=0.0881 minLogLikelihood=99979.4286
maximalDeformation=0.0000 minLogLikelihood=99979.4286
maximalDeformationApplied: 0.7839
=======================================================
iterationNumber: 13
EM converged!
maximalDeformation=0.2500 minLogLikelihood=99893.4874
maximalDeformation=0.3133 minLogLikelihood=99849.5624
maximalDeformation=0.1716 minLogLikelihood=99815.2398
maximalDeformation=0.0613 minLogLikelihood=99809.1577
maximalDeformation=0.1055 minLogLikelihood=99803.1804
maximalDeformation=0.0462 minLogLikelihood=99797.7113
maximalDeformation=0.0918 minLogLikelihood=99773.5611
maximalDeformation=0.0894 minLogLikelihood=99753.3741
maximalDeformation=0.1168 minLogLikelihood=99721.6994
maximalDeformation=0.0816 minLogLikelihood=99706.6692
maximalDeformation=0.0754 minLogLikelihood=99698.4405
maximalDeformation=0.0261 minLogLikelihood=99691.7637
maximalDeformation=0.0541 minLogLikelihood=99676.9062
maximalDeformation=0.0727 minLogLikelihood=99657.8846
maximalDeformation=0.1139 minLogLikelihood=99633.3683
maximalDeformation=0.1087 minLogLikelihood=99619.4664
maximalDeformation=0.0562 minLogLikelihood=99603.4343
maximalDeformation=0.0585 minLogLikelihood=99585.1115
maximalDeformation=0.0685 minLogLikelihood=99562.0642
maximalDeformation=0.1444 minLogLikelihood=99513.3451
maximalDeformation=0.0000 minLogLikelihood=99513.3451
maximalDeformationApplied: 0.6928
=======================================================
iterationNumber: 14
EM converged!
maximalDeformation=0.2500 minLogLikelihood=99475.5317
maximalDeformation=0.1122 minLogLikelihood=99430.0348
maximalDeformation=0.0726 minLogLikelihood=99409.8722
maximalDeformation=0.0251 minLogLikelihood=99406.6787
maximalDeformation=0.0238 minLogLikelihood=99400.8003
maximalDeformation=0.0583 minLogLikelihood=99388.8037
maximalDeformation=0.1080 minLogLikelihood=99374.3583
maximalDeformation=0.1129 minLogLikelihood=99359.9400
maximalDeformation=0.0276 minLogLikelihood=99354.4737
maximalDeformation=0.0613 minLogLikelihood=99344.0240
maximalDeformation=0.0915 minLogLikelihood=99326.8876
maximalDeformation=0.1813 minLogLikelihood=99302.1303
maximalDeformation=0.2078 minLogLikelihood=99291.8270
maximalDeformation=0.1529 minLogLikelihood=99282.0684
maximalDeformation=0.1262 minLogLikelihood=99269.2884
maximalDeformation=0.0134 minLogLikelihood=99266.0136
maximalDeformation=0.0332 minLogLikelihood=99258.1574
maximalDeformation=0.0998 minLogLikelihood=99236.9253
maximalDeformation=0.1522 minLogLikelihood=99224.3437
maximalDeformation=0.0800 minLogLikelihood=99205.5736
maximalDeformation=0.0000 minLogLikelihood=99205.5736
maximalDeformationApplied: 0.7696
=======================================================
iterationNumber: 15
EM converged!
maximalDeformation=0.2500 minLogLikelihood=99181.1794
maximalDeformation=0.0843 minLogLikelihood=99171.5603
maximalDeformation=0.0483 minLogLikelihood=99165.2881
maximalDeformation=0.2586 minLogLikelihood=99149.2253
maximalDeformation=0.1191 minLogLikelihood=99133.8611
maximalDeformation=0.1062 minLogLikelihood=99119.5609
maximalDeformation=0.1159 minLogLikelihood=99103.3622
maximalDeformation=0.1213 minLogLikelihood=99082.4235
maximalDeformation=0.1547 minLogLikelihood=99065.1484
maximalDeformation=0.0773 minLogLikelihood=99037.0798
maximalDeformation=0.1724 minLogLikelihood=98991.6961
maximalDeformation=0.0784 minLogLikelihood=98977.9833
maximalDeformation=0.3511 minLogLikelihood=98945.3552
maximalDeformation=0.1177 minLogLikelihood=98922.4552
maximalDeformation=0.0985 minLogLikelihood=98892.1792
maximalDeformation=0.1871 minLogLikelihood=98856.6775
maximalDeformation=0.2898 minLogLikelihood=98812.0037
maximalDeformation=0.1554 minLogLikelihood=98808.0466
maximalDeformation=0.1131 minLogLikelihood=98785.1489
maximalDeformation=0.0669 minLogLikelihood=98765.9967
maximalDeformation=0.0000 minLogLikelihood=98765.9967
maximalDeformationApplied: 0.7293
=======================================================
iterationNumber: 16
EM converged!
maximalDeformation=0.1250 minLogLikelihood=98716.5765
maximalDeformation=0.1300 minLogLikelihood=98698.8448
maximalDeformation=0.1001 minLogLikelihood=98692.6980
maximalDeformation=0.0580 minLogLikelihood=98684.1045
maximalDeformation=0.0607 minLogLikelihood=98674.8174
maximalDeformation=0.1222 minLogLikelihood=98656.0604
maximalDeformation=0.0989 minLogLikelihood=98641.0633
maximalDeformation=0.1230 minLogLikelihood=98623.5324
maximalDeformation=0.1447 minLogLikelihood=98605.4493
maximalDeformation=0.1151 minLogLikelihood=98589.8624
maximalDeformation=0.1131 minLogLikelihood=98586.5107
maximalDeformation=0.1057 minLogLikelihood=98576.6089
maximalDeformation=0.0471 minLogLikelihood=98567.3144
maximalDeformation=0.0888 minLogLikelihood=98551.6331
maximalDeformation=0.0781 minLogLikelihood=98543.0486
maximalDeformation=0.1940 minLogLikelihood=98536.5541
maximalDeformation=0.0983 minLogLikelihood=98528.5501
maximalDeformation=0.1240 minLogLikelihood=98510.3435
maximalDeformation=0.1764 minLogLikelihood=98486.6713
maximalDeformation=0.2087 minLogLikelihood=98468.7652
maximalDeformation=0.0000 minLogLikelihood=98468.7652
maximalDeformationApplied: 1.0157
=======================================================
iterationNumber: 17
EM converged!
maximalDeformation=0.0635 minLogLikelihood=98456.4039
maximalDeformation=0.0560 minLogLikelihood=98446.3357
maximalDeformation=0.1230 minLogLikelihood=98432.3192
maximalDeformation=0.0969 minLogLikelihood=98424.5016
maximalDeformation=0.0277 minLogLikelihood=98418.0173
maximalDeformation=0.1104 minLogLikelihood=98407.5523
maximalDeformation=0.0891 minLogLikelihood=98398.2420
maximalDeformation=0.0769 minLogLikelihood=98387.3914
maximalDeformation=0.0843 minLogLikelihood=98376.8596
maximalDeformation=0.0927 minLogLikelihood=98367.4136
maximalDeformation=0.0760 minLogLikelihood=98358.3420
maximalDeformation=0.0707 minLogLikelihood=98348.0079
maximalDeformation=0.0667 minLogLikelihood=98337.8926
maximalDeformation=0.1421 minLogLikelihood=98327.1982
maximalDeformation=0.0973 minLogLikelihood=98311.7902
maximalDeformation=0.1078 minLogLikelihood=98294.9121
maximalDeformation=0.1876 minLogLikelihood=98284.4031
maximalDeformation=0.0889 minLogLikelihood=98269.8499
maximalDeformation=0.1077 minLogLikelihood=98250.8650
maximalDeformation=0.2302 minLogLikelihood=98237.4613
maximalDeformation=0.0000 minLogLikelihood=98237.4613
maximalDeformationApplied: 0.7914
=======================================================
iterationNumber: 18
EM converged!
maximalDeformation=0.1459 minLogLikelihood=98217.0921
maximalDeformation=0.0452 minLogLikelihood=98209.2122
maximalDeformation=0.1080 minLogLikelihood=98199.3561
maximalDeformation=0.0660 minLogLikelihood=98192.7105
maximalDeformation=0.0464 minLogLikelihood=98187.8082
maximalDeformation=0.0949 minLogLikelihood=98182.9165
maximalDeformation=0.0584 minLogLikelihood=98178.0533
maximalDeformation=0.0603 minLogLikelihood=98172.5371
maximalDeformation=0.0509 minLogLikelihood=98168.2124
maximalDeformation=0.0781 minLogLikelihood=98163.4161
maximalDeformation=0.0725 minLogLikelihood=98157.9965
maximalDeformation=0.0681 minLogLikelihood=98152.2923
maximalDeformation=0.0541 minLogLikelihood=98146.6280
maximalDeformation=0.0575 minLogLikelihood=98140.9302
maximalDeformation=0.0834 minLogLikelihood=98135.4093
maximalDeformation=0.0705 minLogLikelihood=98128.6819
maximalDeformation=0.0724 minLogLikelihood=98121.6566
maximalDeformation=0.0634 minLogLikelihood=98114.6364
maximalDeformation=0.0805 minLogLikelihood=98106.4054
maximalDeformation=0.1397 minLogLikelihood=98099.3641
maximalDeformation=0.0000 minLogLikelihood=98099.3641
maximalDeformationApplied: 0.7492
=======================================================
iterationNumber: 19
EM converged!
maximalDeformation=0.2500 minLogLikelihood=98085.8985
maximalDeformation=0.0891 minLogLikelihood=98079.6955
maximalDeformation=0.0569 minLogLikelihood=98074.9062
maximalDeformation=0.0425 minLogLikelihood=98071.0942
maximalDeformation=0.0575 minLogLikelihood=98066.0596
maximalDeformation=0.1211 minLogLikelihood=98060.7255
maximalDeformation=0.1170 minLogLikelihood=98054.9668
maximalDeformation=0.0668 minLogLikelihood=98050.1351
maximalDeformation=0.0705 minLogLikelihood=98045.5656
maximalDeformation=0.1145 minLogLikelihood=98041.1632
maximalDeformation=0.0677 minLogLikelihood=98037.1379
maximalDeformation=0.0761 minLogLikelihood=98032.9786
maximalDeformation=0.0717 minLogLikelihood=98029.7963
maximalDeformation=0.0316 minLogLikelihood=98026.1659
maximalDeformation=0.0756 minLogLikelihood=98021.3827
maximalDeformation=0.0648 minLogLikelihood=98017.2859
maximalDeformation=0.0621 minLogLikelihood=98012.7885
maximalDeformation=0.0488 minLogLikelihood=98008.2449
maximalDeformation=0.0613 minLogLikelihood=98004.1514
maximalDeformation=0.0482 minLogLikelihood=97999.2184
maximalDeformation=0.0000 minLogLikelihood=97999.2184
maximalDeformationApplied: 1.0205
=======================================================
iterationNumber: 20
EM converged!
maximalDeformation=0.0389 minLogLikelihood=97988.0407
maximalDeformation=0.0255 minLogLikelihood=97985.9331
maximalDeformation=0.0241 minLogLikelihood=97983.8473
maximalDeformation=0.0308 minLogLikelihood=97982.2171
maximalDeformation=0.0467 minLogLikelihood=97980.6891
maximalDeformation=0.0207 minLogLikelihood=97978.9056
maximalDeformation=0.0363 minLogLikelihood=97977.0131
maximalDeformation=0.0286 minLogLikelihood=97975.2551
maximalDeformation=0.0421 minLogLikelihood=97973.0778
maximalDeformation=0.0523 minLogLikelihood=97970.9931
maximalDeformation=0.0367 minLogLikelihood=97968.9284
maximalDeformation=0.0374 minLogLikelihood=97966.8430
maximalDeformation=0.0475 minLogLikelihood=97964.4883
maximalDeformation=0.0937 minLogLikelihood=97962.2963
maximalDeformation=0.0322 minLogLikelihood=97959.6407
maximalDeformation=0.0415 minLogLikelihood=97956.8936
maximalDeformation=0.0486 minLogLikelihood=97954.6119
maximalDeformation=0.0442 minLogLikelihood=97952.1214
maximalDeformation=0.0434 minLogLikelihood=97949.7018
maximalDeformation=0.0713 minLogLikelihood=97947.9065
maximalDeformation=0.0000 minLogLikelihood=97947.9065
maximalDeformationApplied: 0.5225
=======================================================
iterationNumber: 21
EM converged!
maximalDeformation=0.0333 minLogLikelihood=97938.4473
maximalDeformation=0.0213 minLogLikelihood=97936.4544
maximalDeformation=0.0197 minLogLikelihood=97934.9333
maximalDeformation=0.0263 minLogLikelihood=97933.8969
maximalDeformation=0.0330 minLogLikelihood=97932.9143
maximalDeformation=0.0121 minLogLikelihood=97931.8580
maximalDeformation=0.0307 minLogLikelihood=97930.7042
maximalDeformation=0.0247 minLogLikelihood=97929.6214
maximalDeformation=0.0240 minLogLikelihood=97928.4881
maximalDeformation=0.0267 minLogLikelihood=97927.4934
maximalDeformation=0.0169 minLogLikelihood=97926.6653
maximalDeformation=0.0186 minLogLikelihood=97925.6137
maximalDeformation=0.0239 minLogLikelihood=97924.5722
maximalDeformation=0.0209 minLogLikelihood=97923.5820
maximalDeformation=0.0190 minLogLikelihood=97922.7765
maximalDeformation=0.0144 minLogLikelihood=97921.5236
maximalDeformation=0.0301 minLogLikelihood=97920.4530
maximalDeformation=0.0143 minLogLikelihood=97919.4248
maximalDeformation=0.0173 minLogLikelihood=97918.1072
maximalDeformation=0.0320 minLogLikelihood=97916.7593
maximalDeformation=0.0000 minLogLikelihood=97916.7593
maximalDeformationApplied: 0.3127
=======================================================
iterationNumber: 22
EM converged!
maximalDeformation=0.0171 minLogLikelihood=97910.3405
maximalDeformation=0.0125 minLogLikelihood=97909.5400
maximalDeformation=0.0062 minLogLikelihood=97908.9377
maximalDeformation=0.0098 minLogLikelihood=97908.4392
maximalDeformation=0.0103 minLogLikelihood=97907.9362
maximalDeformation=0.0130 minLogLikelihood=97907.3600
maximalDeformation=0.0069 minLogLikelihood=97906.8392
maximalDeformation=0.0180 minLogLikelihood=97906.2424
maximalDeformation=0.0150 minLogLikelihood=97905.6690
maximalDeformation=0.0210 minLogLikelihood=97904.8743
maximalDeformation=0.0229 minLogLikelihood=97904.1919
maximalDeformation=0.0220 minLogLikelihood=97903.5263
maximalDeformation=0.0171 minLogLikelihood=97903.0093
maximalDeformation=0.0094 minLogLikelihood=97902.4577
maximalDeformation=0.0193 minLogLikelihood=97901.7698
maximalDeformation=0.0155 minLogLikelihood=97901.1011
maximalDeformation=0.0177 minLogLikelihood=97900.2065
maximalDeformation=0.0256 minLogLikelihood=97899.3015
maximalDeformation=0.0348 minLogLikelihood=97898.6381
maximalDeformation=0.0236 minLogLikelihood=97897.8163
maximalDeformation=0.0000 minLogLikelihood=97897.8163
maximalDeformationApplied: 0.2283
=======================================================
iterationNumber: 0
EM converged!
maximalDeformation=1.0000 minLogLikelihood=2749565.4580
maximalDeformation=0.5652 minLogLikelihood=2741370.0098
maximalDeformation=0.7074 minLogLikelihood=2731515.4613
maximalDeformation=0.5242 minLogLikelihood=2725327.6728
maximalDeformation=1.1050 minLogLikelihood=2705178.6269
maximalDeformation=0.1790 minLogLikelihood=2702163.5551
maximalDeformation=0.2168 minLogLikelihood=2699748.7577
maximalDeformation=0.3808 minLogLikelihood=2699632.7985
maximalDeformation=0.3494 minLogLikelihood=2697140.6591
maximalDeformation=0.2765 minLogLikelihood=2694138.1249
maximalDeformation=0.1985 minLogLikelihood=2692569.9805
maximalDeformation=0.2296 minLogLikelihood=2691740.5132
maximalDeformation=0.3855 minLogLikelihood=2687780.0848
maximalDeformation=0.7399 minLogLikelihood=2682910.4463
maximalDeformation=0.9234 minLogLikelihood=2676258.8200
maximalDeformation=0.3541 minLogLikelihood=2675818.9908
maximalDeformation=0.5367 minLogLikelihood=2674067.3763
maximalDeformation=0.1761 minLogLikelihood=2673261.2004
maximalDeformation=0.0575 minLogLikelihood=2673214.0623
maximalDeformation=0.1633 minLogLikelihood=2672637.2732
maximalDeformation=0.0000 minLogLikelihood=2672637.2732
maximalDeformationApplied: 4.0005
=======================================================
iterationNumber: 1
EM converged!
maximalDeformation=0.5000 minLogLikelihood=2666883.1875
maximalDeformation=0.0560 minLogLikelihood=2665864.6185
maximalDeformation=0.3336 minLogLikelihood=2660167.4568
maximalDeformation=0.1835 minLogLikelihood=2657518.9749
maximalDeformation=0.2554 minLogLikelihood=2655327.3073
maximalDeformation=0.2804 minLogLikelihood=2653174.5212
maximalDeformation=0.4140 minLogLikelihood=2649990.8437
maximalDeformation=0.1415 minLogLikelihood=2649826.4680
maximalDeformation=0.1916 minLogLikelihood=2648654.5978
maximalDeformation=0.2831 minLogLikelihood=2647544.2501
maximalDeformation=0.0581 minLogLikelihood=2647457.2923
maximalDeformation=0.0302 minLogLikelihood=2647286.2941
maximalDeformation=0.2206 minLogLikelihood=2646457.2513
maximalDeformation=0.2869 minLogLikelihood=2645765.9377
maximalDeformation=0.4263 minLogLikelihood=2645105.7638
maximalDeformation=0.1971 minLogLikelihood=2644482.4590
maximalDeformation=0.0960 minLogLikelihood=2644299.5705
maximalDeformation=0.1451 minLogLikelihood=2643416.4644
maximalDeformation=0.2592 minLogLikelihood=2642165.1468
maximalDeformation=0.6045 minLogLikelihood=2639897.6003
maximalDeformation=0.0000 minLogLikelihood=2639897.6003
maximalDeformationApplied: 2.5531
=======================================================
iterationNumber: 2
EM converged!
maximalDeformation=1.0000 minLogLikelihood=2637600.1715
maximalDeformation=0.2046 minLogLikelihood=2636296.7815
maximalDeformation=0.5337 minLogLikelihood=2632978.6732
maximalDeformation=0.2419 minLogLikelihood=2632152.0002
maximalDeformation=0.3842 minLogLikelihood=2630609.2743
maximalDeformation=0.1905 minLogLikelihood=2630005.4327
maximalDeformation=0.4984 minLogLikelihood=2628512.8997
maximalDeformation=0.5002 minLogLikelihood=2627993.3414
maximalDeformation=0.6440 minLogLikelihood=2627991.1127
maximalDeformation=0.4798 minLogLikelihood=2627434.2867
maximalDeformation=0.5385 minLogLikelihood=2626296.2315
maximalDeformation=0.4275 minLogLikelihood=2626078.3841
maximalDeformation=0.2168 minLogLikelihood=2625490.0501
maximalDeformation=0.2088 minLogLikelihood=2624871.6768
maximalDeformation=0.2102 minLogLikelihood=2624137.8884
maximalDeformation=1.3179 minLogLikelihood=2621476.3452
maximalDeformation=0.1780 minLogLikelihood=2621109.1811
maximalDeformation=0.0720 minLogLikelihood=2620858.7412
maximalDeformation=0.0093 minLogLikelihood=2620849.5932
maximalDeformation=0.0269 minLogLikelihood=2620775.7311
maximalDeformation=0.0000 minLogLikelihood=2620775.7311
maximalDeformationApplied: 3.8442
=======================================================
iterationNumber: 3
EM converged!
maximalDeformation=0.5000 minLogLikelihood=2618996.8943
maximalDeformation=0.3643 minLogLikelihood=2617980.3861
maximalDeformation=0.9778 minLogLikelihood=2615987.9482
maximalDeformation=0.2312 minLogLikelihood=2615148.7496
maximalDeformation=0.2282 minLogLikelihood=2614030.9201
maximalDeformation=0.2571 minLogLikelihood=2613126.0061
maximalDeformation=0.3479 minLogLikelihood=2612238.8277
maximalDeformation=0.0923 minLogLikelihood=2611935.1378
maximalDeformation=0.0082 minLogLikelihood=2611934.3088
maximalDeformation=0.1044 minLogLikelihood=2611844.5958
maximalDeformation=0.0413 minLogLikelihood=2611766.4354
maximalDeformation=0.2984 minLogLikelihood=2610251.4463
maximalDeformation=0.1438 minLogLikelihood=2609697.9091
maximalDeformation=0.5329 minLogLikelihood=2608680.1176
maximalDeformation=0.0395 minLogLikelihood=2608647.7784
maximalDeformation=0.1649 minLogLikelihood=2607877.2080
maximalDeformation=0.0924 minLogLikelihood=2607572.2935
maximalDeformation=0.3972 minLogLikelihood=2606392.2713
maximalDeformation=0.0863 minLogLikelihood=2606300.9606
maximalDeformation=0.0936 minLogLikelihood=2606018.3126
maximalDeformation=0.0000 minLogLikelihood=2606018.3126
maximalDeformationApplied: 2.0373
=======================================================
iterationNumber: 4
EM converged!
maximalDeformation=1.0000 minLogLikelihood=2604966.1916
maximalDeformation=0.2186 minLogLikelihood=2604283.3753
maximalDeformation=0.3236 minLogLikelihood=2603317.6837
maximalDeformation=0.4700 minLogLikelihood=2602384.2890
maximalDeformation=0.0535 minLogLikelihood=2602316.8249
maximalDeformation=0.0918 minLogLikelihood=2602265.3827
maximalDeformation=0.0992 minLogLikelihood=2602175.0970
maximalDeformation=0.0284 minLogLikelihood=2602151.0544
maximalDeformation=0.0865 minLogLikelihood=2602009.6243
maximalDeformation=0.0793 minLogLikelihood=2601863.4913
maximalDeformation=0.5901 minLogLikelihood=2601371.4823
maximalDeformation=0.0073 minLogLikelihood=2601366.6408
maximalDeformation=0.1675 minLogLikelihood=2601160.0752
maximalDeformation=0.2183 minLogLikelihood=2600965.0312
maximalDeformation=0.7353 minLogLikelihood=2600488.1203
maximalDeformation=0.0860 minLogLikelihood=2600424.8647
maximalDeformation=0.1425 minLogLikelihood=2600381.6699
maximalDeformation=0.1076 minLogLikelihood=2600204.2609
maximalDeformation=0.2157 minLogLikelihood=2599429.8789
maximalDeformation=0.4213 minLogLikelihood=2598420.5635
maximalDeformation=0.0000 minLogLikelihood=2598420.5635
maximalDeformationApplied: 1.9645
=======================================================
iterationNumber: 5
EM converged!
maximalDeformation=1.0000 minLogLikelihood=2597442.0972
maximalDeformation=0.3159 minLogLikelihood=2596630.8234
maximalDeformation=0.4357 minLogLikelihood=2596030.7031
maximalDeformation=0.1663 minLogLikelihood=2595794.9149
maximalDeformation=0.1580 minLogLikelihood=2595352.9327
maximalDeformation=0.3485 minLogLikelihood=2594623.2253
maximalDeformation=0.8981 minLogLikelihood=2594273.3258
maximalDeformation=0.1564 minLogLikelihood=2594271.6182
maximalDeformation=0.3323 minLogLikelihood=2593997.5593
maximalDeformation=0.1694 minLogLikelihood=2593531.3114
maximalDeformation=0.5129 minLogLikelihood=2593078.8597
maximalDeformation=0.3756 minLogLikelihood=2592653.4200
maximalDeformation=0.1860 minLogLikelihood=2592418.1958
maximalDeformation=0.2868 minLogLikelihood=2591976.2821
maximalDeformation=0.1211 minLogLikelihood=2591844.6328
maximalDeformation=0.0357 minLogLikelihood=2591823.0646
maximalDeformation=0.1205 minLogLikelihood=2591445.4759
maximalDeformation=0.5758 minLogLikelihood=2590109.7406
maximalDeformation=0.4941 minLogLikelihood=2589319.5627
maximalDeformation=0.0355 minLogLikelihood=2589316.2500
maximalDeformation=0.0000 minLogLikelihood=2589316.2500
maximalDeformationApplied: 2.7448
=======================================================
iterationNumber: 6
EM converged!
maximalDeformation=0.6561 minLogLikelihood=2588660.5664
maximalDeformation=0.0888 minLogLikelihood=2588357.7385
maximalDeformation=0.3136 minLogLikelihood=2587592.6469
maximalDeformation=0.3353 minLogLikelihood=2587157.7107
maximalDeformation=0.3717 minLogLikelihood=2586934.3157
maximalDeformation=0.1490 minLogLikelihood=2586816.1698
maximalDeformation=0.3884 minLogLikelihood=2586396.4037
maximalDeformation=0.0877 minLogLikelihood=2586147.8803
maximalDeformation=0.2092 minLogLikelihood=2585744.0418
maximalDeformation=0.1562 minLogLikelihood=2585516.4669
maximalDeformation=0.2914 minLogLikelihood=2584913.1643
maximalDeformation=0.1417 minLogLikelihood=2584737.1686
maximalDeformation=0.1475 minLogLikelihood=2584647.5725
maximalDeformation=0.1859 minLogLikelihood=2584534.2429
maximalDeformation=0.0558 minLogLikelihood=2584484.6314
maximalDeformation=0.2145 minLogLikelihood=2584298.3890
maximalDeformation=0.3551 minLogLikelihood=2584058.1446
maximalDeformation=0.1950 minLogLikelihood=2583880.9858
maximalDeformation=0.1564 minLogLikelihood=2583773.5603
maximalDeformation=0.2211 minLogLikelihood=2583766.5826
maximalDeformation=0.0000 minLogLikelihood=2583766.5826
maximalDeformationApplied: 1.5224
=======================================================
iterationNumber: 7
EM converged!
maximalDeformation=0.6255 minLogLikelihood=2583299.6614
maximalDeformation=0.2960 minLogLikelihood=2583027.0376
maximalDeformation=0.3102 minLogLikelihood=2582558.6189
maximalDeformation=0.2605 minLogLikelihood=2582480.5068
maximalDeformation=0.1903 minLogLikelihood=2582471.1842
maximalDeformation=0.3774 minLogLikelihood=2582374.7290
maximalDeformation=0.0040 minLogLikelihood=2582374.0380
maximalDeformation=0.0288 minLogLikelihood=2582368.3673
maximalDeformation=0.0554 minLogLikelihood=2582291.2949
maximalDeformation=0.3282 minLogLikelihood=2581947.1891
maximalDeformation=0.4336 minLogLikelihood=2581455.9115
maximalDeformation=0.1950 minLogLikelihood=2581107.1472
maximalDeformation=0.2485 minLogLikelihood=2580885.5583
maximalDeformation=0.1093 minLogLikelihood=2580661.4681
maximalDeformation=0.1499 minLogLikelihood=2580380.8472
maximalDeformation=0.0609 minLogLikelihood=2580301.4039
maximalDeformation=0.0562 minLogLikelihood=2580200.8247
maximalDeformation=0.2062 minLogLikelihood=2579713.1229
maximalDeformation=0.2760 minLogLikelihood=2579352.6413
maximalDeformation=0.2912 minLogLikelihood=2578870.5319
maximalDeformation=0.0000 minLogLikelihood=2578870.5319
maximalDeformationApplied: 1.5543
=======================================================
iterationNumber: 8
EM converged!
maximalDeformation=1.0000 minLogLikelihood=2578688.0064
maximalDeformation=0.1981 minLogLikelihood=2578263.1122
maximalDeformation=0.4014 minLogLikelihood=2577844.2071
maximalDeformation=0.1904 minLogLikelihood=2577675.6562
maximalDeformation=0.1779 minLogLikelihood=2577419.7730
maximalDeformation=0.2600 minLogLikelihood=2577294.3170
maximalDeformation=0.2915 minLogLikelihood=2577272.9913
maximalDeformation=0.0120 minLogLikelihood=2577271.2869
maximalDeformation=0.0805 minLogLikelihood=2577224.5594
maximalDeformation=0.2534 minLogLikelihood=2577062.6389
maximalDeformation=0.1314 minLogLikelihood=2577049.6912
maximalDeformation=0.0575 minLogLikelihood=2577003.4848
maximalDeformation=0.4255 minLogLikelihood=2576758.4060
maximalDeformation=0.3728 minLogLikelihood=2576464.4616
maximalDeformation=0.4362 minLogLikelihood=2576028.8822
maximalDeformation=0.3590 minLogLikelihood=2575502.4132
maximalDeformation=0.2074 minLogLikelihood=2575345.4254
maximalDeformation=0.2716 minLogLikelihood=2575012.1292
maximalDeformation=0.6910 minLogLikelihood=2574526.5642
maximalDeformation=0.4571 minLogLikelihood=2573952.9927
maximalDeformation=0.0000 minLogLikelihood=2573952.9927
maximalDeformationApplied: 1.6078
=======================================================
iterationNumber: 9
EM converged!
maximalDeformation=1.0000 minLogLikelihood=2573201.0492
maximalDeformation=0.2812 minLogLikelihood=2572921.17151
0.398942
SLIDING
L-BFGS
BFGS-MaximumMemoryLength: 12
LineSearchMaximalDeformationIntervalStopCriterion: 0.001
MaximalDeformationStopCriterion: 0.001
MaximumNumberOfIterations: 20
Verbose: 0
1
0.398942
SLIDING
L-BFGS
BFGS-MaximumMemoryLength: 12
LineSearchMaximalDeformationIntervalStopCriterion: 0.001
MaximalDeformationStopCriterion: 0.001
MaximumNumberOfIterations: 20
Verbose: 0
1
0.398942
SLIDING
L-BFGS
BFGS-MaximumMemoryLength: 12
LineSearchMaximalDeformationIntervalStopCriterion: 0.001
MaximalDeformationStopCriterion: 0.001
MaximumNumberOfIterations: 20
Verbose: 0
Read mesh collection: /usr/local/freesurfer/7.2.0/average/samseg/20Subjects_smoothing2_down2_smoothingForAffine2/atlas_level2.txt.gz
Transforming points
Transforming points
Read mesh collection: /usr/local/freesurfer/7.2.0/average/samseg/20Subjects_smoothing2_down2_smoothingForAffine2/atlas_level2.txt.gz
Read mesh collection: /usr/local/freesurfer/7.2.0/average/samseg/20Subjects_smoothing2_down2_smoothingForAffine2/atlas_level2.txt.gz
Constructing image-to-world transform from header information (/autofs/space/nicc_003/users/olchanyi/data/HCP100/EXC007/temp_gvxtebjkzn/mean_b0.nii.gz)
Read image: /autofs/space/nicc_003/users/olchanyi/data/HCP100/EXC007/temp_gvxtebjkzn/mean_b0.nii.gz

maximalDeformation=0.2566 minLogLikelihood=2572436.4704
maximalDeformation=0.5507 minLogLikelihood=2572029.0408
maximalDeformation=0.0919 minLogLikelihood=2571927.9387
maximalDeformation=0.4153 minLogLikelihood=2571860.5430
maximalDeformation=0.1155 minLogLikelihood=2571788.5038
maximalDeformation=0.1404 minLogLikelihood=2571577.8199
maximalDeformation=0.7545 minLogLikelihood=2571479.6580
maximalDeformation=0.3587 minLogLikelihood=2571337.5374
maximalDeformation=0.3189 minLogLikelihood=2571116.6975
maximalDeformation=0.3681 minLogLikelihood=2570984.1625
maximalDeformation=0.2744 minLogLikelihood=2570971.9568
maximalDeformation=0.3444 minLogLikelihood=2570740.9062
maximalDeformation=0.5427 minLogLikelihood=2570516.1115
maximalDeformation=0.1938 minLogLikelihood=2570380.2414
maximalDeformation=0.2748 minLogLikelihood=2569912.9031
maximalDeformation=0.0647 minLogLikelihood=2569873.4801
maximalDeformation=0.0293 minLogLikelihood=2569858.4790
maximalDeformation=0.2000 minLogLikelihood=2569749.0960
maximalDeformation=0.0000 minLogLikelihood=2569749.0960
maximalDeformationApplied: 2.2190
=======================================================
iterationNumber: 10
EM converged!
maximalDeformation=0.5381 minLogLikelihood=2569597.6134
maximalDeformation=0.2110 minLogLikelihood=2569427.9617
maximalDeformation=0.2866 minLogLikelihood=2569277.1306
maximalDeformation=0.0493 minLogLikelihood=2569250.9361
maximalDeformation=0.0474 minLogLikelihood=2569199.7605
maximalDeformation=0.1180 minLogLikelihood=2569120.1241
maximalDeformation=0.0074 minLogLikelihood=2569113.8778
maximalDeformation=0.0798 minLogLikelihood=2569075.7060
maximalDeformation=0.0150 minLogLikelihood=2569066.4740
maximalDeformation=0.1081 minLogLikelihood=2569055.7494
maximalDeformation=0.1179 minLogLikelihood=2568934.3700
maximalDeformation=0.0996 minLogLikelihood=2568924.5591
maximalDeformation=0.0832 minLogLikelihood=2568829.7347
maximalDeformation=0.1087 minLogLikelihood=2568806.8594
maximalDeformation=0.0971 minLogLikelihood=2568789.8076
maximalDeformation=0.2966 minLogLikelihood=2568690.7780
maximalDeformation=0.1876 minLogLikelihood=2568540.8165
maximalDeformation=0.3724 minLogLikelihood=2568262.7753
maximalDeformation=0.3385 minLogLikelihood=2567825.7899
maximalDeformation=0.3258 minLogLikelihood=2567744.3351
maximalDeformation=0.0000 minLogLikelihood=2567744.3351
maximalDeformationApplied: 1.4460
=======================================================
iterationNumber: 11
EM converged!
maximalDeformation=0.3226 minLogLikelihood=2567397.7360
maximalDeformation=0.0928 minLogLikelihood=2567352.6498
maximalDeformation=0.2168 minLogLikelihood=2567308.4246
maximalDeformation=0.1118 minLogLikelihood=2567278.0369
maximalDeformation=0.2538 minLogLikelihood=2567123.6281
maximalDeformation=0.2905 minLogLikelihood=2567092.3470
maximalDeformation=0.2118 minLogLikelihood=2567024.6153
maximalDeformation=0.1999 minLogLikelihood=2566910.7251
maximalDeformation=0.1237 minLogLikelihood=2566871.9192
maximalDeformation=0.1651 minLogLikelihood=2566839.4021
maximalDeformation=0.1039 minLogLikelihood=2566705.1349
maximalDeformation=0.2777 minLogLikelihood=2566646.7926
maximalDeformation=0.1260 minLogLikelihood=2566538.5055
maximalDeformation=0.2307 minLogLikelihood=2566531.6351
maximalDeformation=0.0098 minLogLikelihood=2566525.5100
maximalDeformation=0.0372 minLogLikelihood=2566495.4163
maximalDeformation=0.2440 minLogLikelihood=2566334.1486
maximalDeformation=0.2024 minLogLikelihood=2566282.6489
maximalDeformation=0.1493 minLogLikelihood=2566138.7084
maximalDeformation=0.4119 minLogLikelihood=2565974.8612
maximalDeformation=0.0000 minLogLikelihood=2565974.8612
maximalDeformationApplied: 1.2090
=======================================================
iterationNumber: 12
EM converged!
maximalDeformation=1.0000 minLogLikelihood=2565827.2495
maximalDeformation=0.1399 minLogLikelihood=2565741.0549
maximalDeformation=0.0512 minLogLikelihood=2565663.6752
maximalDeformation=0.1809 minLogLikelihood=2565502.1677
maximalDeformation=0.1448 minLogLikelihood=2565433.7136
maximalDeformation=0.3402 minLogLikelihood=2565315.8339
maximalDeformation=0.0326 minLogLikelihood=2565303.1467
maximalDeformation=0.0038 minLogLikelihood=2565300.9112
maximalDeformation=0.0214 minLogLikelihood=2565294.0960
maximalDeformation=0.1054 minLogLikelihood=2565265.4509
maximalDeformation=0.0294 minLogLikelihood=2565248.8299
maximalDeformation=0.0450 minLogLikelihood=2565212.3780
maximalDeformation=0.2092 minLogLikelihood=2565140.2913
maximalDeformation=0.1230 minLogLikelihood=2565093.7962
maximalDeformation=0.0157 minLogLikelihood=2565085.0723
maximalDeformation=0.0036 minLogLikelihood=2565083.6730
maximalDeformation=0.0082 minLogLikelihood=2565076.6696
maximalDeformation=0.0731 minLogLikelihood=2565062.5167
maximalDeformation=0.1475 minLogLikelihood=2564986.1742
maximalDeformation=0.0090 minLogLikelihood=2564981.3074
maximalDeformation=0.0000 minLogLikelihood=2564981.3074
maximalDeformationApplied: 0.7003
=======================================================
iterationNumber: 13
EM converged!
maximalDeformation=0.5000 minLogLikelihood=2564856.7162
maximalDeformation=0.1653 minLogLikelihood=2564763.2322
maximalDeformation=0.1987 minLogLikelihood=2564747.6946
maximalDeformation=0.0382 minLogLikelihood=2564728.6345
maximalDeformation=0.0330 minLogLikelihood=2564704.4532
maximalDeformation=0.0638 minLogLikelihood=2564636.2839
maximalDeformation=0.1784 minLogLikelihood=2564521.3732
maximalDeformation=0.2019 minLogLikelihood=2564476.8220
maximalDeformation=0.0475 minLogLikelihood=2564412.1561
maximalDeformation=0.0860 minLogLikelihood=2564410.0477
maximalDeformation=0.0530 minLogLikelihood=2564329.3606
maximalDeformation=0.4677 minLogLikelihood=2564326.6969
maximalDeformation=0.1658 minLogLikelihood=2564266.8298
maximalDeformation=0.2935 minLogLikelihood=2564099.8175
maximalDeformation=0.2218 minLogLikelihood=2564047.8673
maximalDeformation=0.2121 minLogLikelihood=2563930.6120
maximalDeformation=0.3052 minLogLikelihood=2563886.0307
maximalDeformation=0.1941 minLogLikelihood=2563834.9077
maximalDeformation=0.1548 minLogLikelihood=2563680.4233
maximalDeformation=0.3634 minLogLikelihood=2563665.5613
maximalDeformation=0.0000 minLogLikelihood=2563665.5613
maximalDeformationApplied: 0.7621
=======================================================
iterationNumber: 14
EM converged!
maximalDeformation=0.5076 minLogLikelihood=2563436.9373
maximalDeformation=0.0527 minLogLikelihood=2563323.9482
maximalDeformation=0.2103 minLogLikelihood=2563154.8200
maximalDeformation=0.0664 minLogLikelihood=2563139.1855
maximalDeformation=0.0408 minLogLikelihood=2563094.3343
maximalDeformation=0.0840 minLogLikelihood=2563046.9282
maximalDeformation=0.0285 minLogLikelihood=2563021.7943
maximalDeformation=0.1100 minLogLikelihood=2562928.2119
maximalDeformation=0.1517 minLogLikelihood=2562897.7450
maximalDeformation=0.0356 minLogLikelihood=2562866.8199
maximalDeformation=0.0856 minLogLikelihood=2562815.1533
maximalDeformation=0.0985 minLogLikelihood=2562761.8432
maximalDeformation=0.0818 minLogLikelihood=2562730.8836
maximalDeformation=0.0534 minLogLikelihood=2562640.9955
maximalDeformation=0.0963 minLogLikelihood=2562576.9735
maximalDeformation=0.0829 minLogLikelihood=2562494.9826
maximalDeformation=0.3094 minLogLikelihood=2562371.4791
maximalDeformation=0.1124 minLogLikelihood=2562321.4718
maximalDeformation=0.1508 minLogLikelihood=2562259.3123
maximalDeformation=0.2360 minLogLikelihood=2562233.7385
maximalDeformation=0.0000 minLogLikelihood=2562233.7385
maximalDeformationApplied: 1.0764
=======================================================
iterationNumber: 15
EM converged!
maximalDeformation=0.4817 minLogLikelihood=2562091.6340
maximalDeformation=0.2169 minLogLikelihood=2561685.8102
maximalDeformation=0.3198 minLogLikelihood=2561589.8733
maximalDeformation=0.1536 minLogLikelihood=2561588.7167
maximalDeformation=0.0847 minLogLikelihood=2561548.6746
maximalDeformation=0.0705 minLogLikelihood=2561516.3325
maximalDeformation=0.0036 minLogLikelihood=2561514.3097
maximalDeformation=0.0022 minLogLikelihood=2561512.9587
maximalDeformation=0.0317 minLogLikelihood=2561510.1719
maximalDeformation=0.0428 minLogLikelihood=2561457.0716
maximalDeformation=0.0128 minLogLikelihood=2561447.5070
maximalDeformation=0.0485 minLogLikelihood=2561419.7990
maximalDeformation=0.0841 minLogLikelihood=2561353.1820
maximalDeformation=0.2129 minLogLikelihood=2561330.3449
maximalDeformation=0.1402 minLogLikelihood=2561284.8356
maximalDeformation=0.0996 minLogLikelihood=2561209.6127
maximalDeformation=0.1156 minLogLikelihood=2561144.7917
maximalDeformation=0.0376 minLogLikelihood=2561115.4493
maximalDeformation=0.0229 minLogLikelihood=2561091.8420
maximalDeformation=0.1251 minLogLikelihood=2560998.8187
maximalDeformation=0.0000 minLogLikelihood=2560998.8187
maximalDeformationApplied: 0.6641
=======================================================
iterationNumber: 16
EM converged!
maximalDeformation=0.2500 minLogLikelihood=2560900.9755
maximalDeformation=0.1510 minLogLikelihood=2560835.6456
maximalDeformation=0.0644 minLogLikelihood=2560814.0182
maximalDeformation=0.0392 minLogLikelihood=2560813.9346
maximalDeformation=0.0990 minLogLikelihood=2560796.0030
maximalDeformation=0.1568 minLogLikelihood=2560791.9296
maximalDeformation=0.0324 minLogLikelihood=2560782.3344
maximalDeformation=0.0843 minLogLikelihood=2560709.1933
maximalDeformation=0.0521 minLogLikelihood=2560674.5302
maximalDeformation=0.0681 minLogLikelihood=2560632.8198
maximalDeformation=0.0610 minLogLikelihood=2560578.6288
maximalDeformation=0.0509 minLogLikelihood=2560554.1656
maximalDeformation=0.0501 minLogLikelihood=2560515.4032
maximalDeformation=0.1121 minLogLikelihood=2560499.0992
maximalDeformation=0.0283 minLogLikelihood=2560475.0909
maximalDeformation=0.0979 minLogLikelihood=2560446.6323
maximalDeformation=0.1171 minLogLikelihood=2560317.6497
maximalDeformation=0.2228 minLogLikelihood=2560139.7927
maximalDeformation=0.2384 minLogLikelihood=2560132.3284
maximalDeformation=0.1479 minLogLikelihood=2559992.5953
maximalDeformation=0.0000 minLogLikelihood=2559992.5953
maximalDeformationApplied: 0.9123
=======================================================
iterationNumber: 17
EM converged!
maximalDeformation=0.2349 minLogLikelihood=2559849.7782
maximalDeformation=0.1987 minLogLikelihood=2559843.7014
maximalDeformation=0.0712 minLogLikelihood=2559775.2462
maximalDeformation=0.1248 minLogLikelihood=2559667.2469
maximalDeformation=0.1249 minLogLikelihood=2559658.3968
maximalDeformation=0.0458 minLogLikelihood=2559615.1969
maximalDeformation=0.1586 minLogLikelihood=2559561.2431
maximalDeformation=0.1652 minLogLikelihood=2559503.0523
maximalDeformation=0.0691 minLogLikelihood=2559468.9584
maximalDeformation=0.0780 minLogLikelihood=2559361.6482
maximalDeformation=0.1184 minLogLikelihood=2559302.9009
maximalDeformation=0.1349 minLogLikelihood=2559273.0389
maximalDeformation=0.0245 minLogLikelihood=2559261.4741
maximalDeformation=0.0614 minLogLikelihood=2559252.3154
maximalDeformation=0.0789 minLogLikelihood=2559222.1466
maximalDeformation=0.0451 minLogLikelihood=2559193.5765
maximalDeformation=0.1075 minLogLikelihood=2559162.9421
maximalDeformation=0.0863 minLogLikelihood=2559157.8834
maximalDeformation=0.2112 minLogLikelihood=2559131.7189
maximalDeformation=0.0260 minLogLikelihood=2559121.4918
maximalDeformation=0.0000 minLogLikelihood=2559121.4918
maximalDeformationApplied: 0.8938
=======================================================
iterationNumber: 18
EM converged!
maximalDeformation=0.3335 minLogLikelihood=2559000.1327
maximalDeformation=0.0081 minLogLikelihood=2558997.5988
maximalDeformation=0.0546 minLogLikelihood=2558957.5689
maximalDeformation=0.0534 minLogLikelihood=2558891.5209
maximalDeformation=0.1357 minLogLikelihood=2558855.9149
maximalDeformation=0.0081 minLogLikelihood=2558851.0924
maximalDeformation=0.1312 minLogLikelihood=2558783.8313
maximalDeformation=0.1386 minLogLikelihood=2558737.4782
maximalDeformation=0.0391 minLogLikelihood=2558732.0582
maximalDeformation=0.0423 minLogLikelihood=2558722.0480
maximalDeformation=0.0251 minLogLikelihood=2558716.1340
maximalDeformation=0.0341 minLogLikelihood=2558703.3150
maximalDeformation=0.0581 minLogLikelihood=2558688.2317
maximalDeformation=0.0304 minLogLikelihood=2558670.4315
maximalDeformation=0.0429 minLogLikelihood=2558638.5663
maximalDeformation=0.0875 minLogLikelihood=2558624.3762
maximalDeformation=0.0944 minLogLikelihood=2558594.3651
maximalDeformation=0.0504 minLogLikelihood=2558574.5104
maximalDeformation=0.0744 minLogLikelihood=2558522.1306
maximalDeformation=0.0526 minLogLikelihood=2558449.9978
maximalDeformation=0.0000 minLogLikelihood=2558449.9978
maximalDeformationApplied: 0.5957
=======================================================
using default intracranial structures to compute sbtiv measure
run_samseg complete: 0:15:16.466845
done
extracting subcortical samseg labels...MRIcopyHeader(): source has ctab
Starting parallel 1
Writing output to /autofs/space/nicc_003/users/olchanyi/data/HCP100/EXC007/temp_gvxtebjkzn/thal.nii
MRIcopyHeader(): source has ctab
Starting parallel 1
Writing output to /autofs/space/nicc_003/users/olchanyi/data/HCP100/EXC007/temp_gvxtebjkzn/DC.nii
MRIcopyHeader(): source has ctab
Starting parallel 1
Writing output to /autofs/space/nicc_003/users/olchanyi/data/HCP100/EXC007/temp_gvxtebjkzn/CB.nii
MRIcopyHeader(): source has ctab
Starting parallel 1
Writing output to /autofs/space/nicc_003/users/olchanyi/data/HCP100/EXC007/temp_gvxtebjkzn/brainstem.nii
done
extracting brain mask...dwi2mask: [WARNING] existing output files will be overwritten
dwi2mask: preloading data for "/autofs/space/nicc_003/users/olchanyi/data/HCP100/EXC007/temp_gvxtebjkzn/dwi.mif"... [==================================================]
done
dwi2mask: applying mask cleaning filter... done
done
obtaining response functions...
dwi2response: [ERROR] Unhandled Python exception:
dwi2response: [ERROR]   TimeoutExpired: Command '['/autofs/space/nicc_003/users/olchanyi/miniconda3/envs/crseg_env/bin/dwi2fod', 'csd', 'dwi.mif', 'iter6_RF.txt', 'iter7_FOD.mif', '-mask', 'iter6_SF_dilated.mif']' timed out after 0.999943726696074 seconds
dwi2response: [ERROR] Traceback:
dwi2response: [ERROR]   /autofs/space/nicc_003/users/olchanyi/miniconda3/envs/crseg_env/bin/dwi2response:119 (in execute())
dwi2response: [ERROR]     alg.execute()
dwi2response: [ERROR]   /autofs/space/nicc_003/users/olchanyi/miniconda3/envs/crseg_env/lib/mrtrix3/dwi2response/tournier.py:93 (in execute())
dwi2response: [ERROR]     run.command('dwi2fod csd dwi.mif ' + rf_in_path + ' ' + prefix + 'FOD.mif -mask ' + mask_in_path)
dwi2response: [ERROR]   /autofs/space/nicc_003/users/olchanyi/miniconda3/envs/crseg_env/lib/mrtrix3/run.py:436 (in command())
dwi2response: [ERROR]     process.wait()
dwi2response: [ERROR]   /autofs/space/nicc_003/users/olchanyi/miniconda3/envs/crseg_env/lib/python3.8/subprocess.py:1083 (in wait())
dwi2response: [ERROR]     return self._wait(timeout=timeout)
dwi2response: [ERROR]   /autofs/space/nicc_003/users/olchanyi/miniconda3/envs/crseg_env/lib/python3.8/subprocess.py:1806 (in _wait())
dwi2response: [ERROR]     (pid, sts) = self._try_wait(0)
dwi2response: [ERROR]   /autofs/space/nicc_003/users/olchanyi/miniconda3/envs/crseg_env/lib/python3.8/subprocess.py:1764 (in _try_wait())
dwi2response: [ERROR]     (pid, sts) = os.waitpid(self.pid, wait_flags)
dwi2response: [ERROR]   /autofs/space/nicc_003/users/olchanyi/miniconda3/envs/crseg_env/lib/mrtrix3/app.py:1149 (in handler())
dwi2response: [ERROR]     run.shared.terminate(signum)
dwi2response: [ERROR]   /autofs/space/nicc_003/users/olchanyi/miniconda3/envs/crseg_env/lib/mrtrix3/run.py:181 (in terminate())
dwi2response: [ERROR]     process.communicate(timeout=1)
dwi2response: [ERROR]   /autofs/space/nicc_003/users/olchanyi/miniconda3/envs/crseg_env/lib/python3.8/subprocess.py:1028 (in communicate())
dwi2response: [ERROR]     stdout, stderr = self._communicate(input, endtime, timeout)
dwi2response: [ERROR]   /autofs/space/nicc_003/users/olchanyi/miniconda3/envs/crseg_env/lib/python3.8/subprocess.py:1894 (in _communicate())
dwi2response: [ERROR]     self.wait(timeout=self._remaining_time(endtime))
dwi2response: [ERROR]   /autofs/space/nicc_003/users/olchanyi/miniconda3/envs/crseg_env/lib/python3.8/subprocess.py:1083 (in wait())
dwi2response: [ERROR]     return self._wait(timeout=timeout)
dwi2response: [ERROR]   /autofs/space/nicc_003/users/olchanyi/miniconda3/envs/crseg_env/lib/python3.8/subprocess.py:1798 (in _wait())
dwi2response: [ERROR]     raise TimeoutExpired(self.args, timeout)
done
fitting ODFs with msmt_CSD...dwi2fod: [ERROR] Unable to open numerical data text file "/autofs/space/nicc_003/users/olchanyi/data/HCP100/EXC007/temp_gvxtebjkzn/response_func_wm.txt": No such file or directory
dwi2fod: [ERROR] CSD algorithm expects second argument to be the input response function file
mrconvert: [WARNING] existing output files will be overwritten
mrconvert: copying from "/autofs/sp...07/temp_gvxtebjkzn/thal.nii" to "/autofs/sp...07/temp_gvxtebjkzn/thal.mif"... []
mrconvert: [WARNING] existing output files will be overwritten
mrconvert: copying from "/autofs/sp...C007/temp_gvxtebjkzn/DC.nii" to "/autofs/sp...C007/temp_gvxtebjkzn/DC.mif"... [==================================================]
mrconvert: [WARNING] existing output files will be overwritten
mrconvert: copying from "/autofs/sp...C007/temp_gvxtebjkzn/CB.nii" to "/autofs/sp...C007/temp_gvxtebjkzn/CB.mif"... []
mrconvert: [WARNING] existing output files will be overwritten
mrconvert: copying from "/autofs/sp...mp_gvxtebjkzn/brainstem.nii" to "/autofs/sp...mp_gvxtebjkzn/brainstem.mif"... []
tckgen: [WARNING] existing output files will be overwritten
tckgen: [ERROR] failed to open key/value file "/autofs/space/nicc_003/users/olchanyi/data/HCP100/EXC007/temp_gvxtebjkzn/wmfod.mif": No such file or directory
tckgen: [ERROR] error opening image "/autofs/space/nicc_003/users/olchanyi/data/HCP100/EXC007/temp_gvxtebjkzn/wmfod.mif"
tckgen: [WARNING] existing output files will be overwritten
tckgen: [ERROR] failed to open key/value file "/autofs/space/nicc_003/users/olchanyi/data/HCP100/EXC007/temp_gvxtebjkzn/wmfod.mif": No such file or directory
tckgen: [ERROR] error opening image "/autofs/space/nicc_003/users/olchanyi/data/HCP100/EXC007/temp_gvxtebjkzn/wmfod.mif"
tckgen: [WARNING] existing output files will be overwritten
tckgen: [ERROR] failed to open key/value file "/autofs/space/nicc_003/users/olchanyi/data/HCP100/EXC007/temp_gvxtebjkzn/wmfod.mif": No such file or directory
tckgen: [ERROR] error opening image "/autofs/space/nicc_003/users/olchanyi/data/HCP100/EXC007/temp_gvxtebjkzn/wmfod.mif"
tckmap: [WARNING] existing output files will be overwritten
tckmap: [ERROR] required input file "/autofs/space/nicc_003/users/olchanyi/data/HCP100/EXC007/temp_gvxtebjkzn/tracts_thal.tck" not found
tckmap: [WARNING] existing output files will be overwritten
tckmap: [ERROR] required input file "/autofs/space/nicc_003/users/olchanyi/data/HCP100/EXC007/temp_gvxtebjkzn/tracts_DC.tck" not found
tckmap: [WARNING] existing output files will be overwritten
tckmap: [ERROR] required input file "/autofs/space/nicc_003/users/olchanyi/data/HCP100/EXC007/temp_gvxtebjkzn/tracts_CB.tck" not found
mrhistmatch: [WARNING] existing output files will be overwritten
mrhistmatch: [ERROR] failed to open key/value file "/autofs/space/nicc_003/users/olchanyi/data/HCP100/EXC007/temp_gvxtebjkzn/tracts_CB.mif": No such file or directory
mrhistmatch: [ERROR] error opening image "/autofs/space/nicc_003/users/olchanyi/data/HCP100/EXC007/temp_gvxtebjkzn/tracts_CB.mif"
mrhistmatch: [WARNING] existing output files will be overwritten
mrhistmatch: [ERROR] failed to open key/value file "/autofs/space/nicc_003/users/olchanyi/data/HCP100/EXC007/temp_gvxtebjkzn/tracts_DC.mif": No such file or directory
mrhistmatch: [ERROR] error opening image "/autofs/space/nicc_003/users/olchanyi/data/HCP100/EXC007/temp_gvxtebjkzn/tracts_DC.mif"
mrcat: [WARNING] existing output files will be overwritten
mrcat: [ERROR] failed to open key/value file "/autofs/space/nicc_003/users/olchanyi/data/HCP100/EXC007/temp_gvxtebjkzn/tracts_thal.mif": No such file or directory
mrcat: [ERROR] error opening image "/autofs/space/nicc_003/users/olchanyi/data/HCP100/EXC007/temp_gvxtebjkzn/tracts_thal.mif"
mrcolour: [WARNING] existing output files will be overwritten
mrcolour: [ERROR] failed to open key/value file "/autofs/space/nicc_003/users/olchanyi/data/HCP100/EXC007/temp_gvxtebjkzn/tracts_concatenated.mif": No such file or directory
mrcolour: [ERROR] error opening image "/autofs/space/nicc_003/users/olchanyi/data/HCP100/EXC007/temp_gvxtebjkzn/tracts_concatenated.mif"
mv: cannot stat '/autofs/space/nicc_003/users/olchanyi/data/HCP100/EXC007/temp_gvxtebjkzn/tracts_concatenated.mif': No such file or directory
mv: cannot stat '/autofs/space/nicc_003/users/olchanyi/data/HCP100/EXC007/temp_gvxtebjkzn/tracts_concatenated_color.mif': No such file or directory
mrconvert: [ERROR] failed to open key/value file "/autofs/space/nicc_003/users/olchanyi/data/HCP100/EXC007/mrtrix_outputs_full/tracts_concatenated.mif": No such file or directory
mrconvert: [ERROR] error opening image "/autofs/space/nicc_003/users/olchanyi/data/HCP100/EXC007/mrtrix_outputs_full/tracts_concatenated.mif"
mrconvert: [ERROR] failed to open key/value file "/autofs/space/nicc_003/users/olchanyi/data/HCP100/EXC007/mrtrix_outputs_full/tracts_concatenated_color.mif": No such file or directory
mrconvert: [ERROR] error opening image "/autofs/space/nicc_003/users/olchanyi/data/HCP100/EXC007/mrtrix_outputs_full/tracts_concatenated_color.mif"
done
starting tracking on thal.mif
starting tracking on DC.mif
starting tracking on CB.mif
NOT deleting scratch directory...done
finished case mrtrix and fsl preprocessing 




============================================================
STARTING:  /autofs/space/nicc_003/users/olchanyi/data/HCP100/EXC012
============================================================
MRTRIX outputs already exit...skipping
